15:07:15.969 [main] ERROR o.s.b.d.LoggingFailureAnalysisReporter - [report,40] - 

***************************
APPLICATION FAILED TO START
***************************

Description:

The dependencies of some of the beans in the application context form a cycle:

   tokenController (field private com.ruoyi.auth.service.SysLoginService com.ruoyi.auth.controller.TokenController.sysLoginService)
      ↓
   sysLoginService (field private com.ruoyi.system.api.RemoteLogService com.ruoyi.auth.service.SysLoginService.remoteLogService)
      ↓
   org.springframework.boot.autoconfigure.web.servlet.WebMvcAutoConfiguration$EnableWebMvcConfiguration
┌─────┐
|  com.alibaba.cloud.sentinel.SentinelWebAutoConfiguration (field private java.util.Optional com.alibaba.cloud.sentinel.SentinelWebAutoConfiguration.sentinelWebInterceptorOptional)
└─────┘


Action:

Relying upon circular references is discouraged and they are prohibited by default. Update your application to remove the dependency cycle between beans. As a last resort, it may be possible to break the cycle automatically by setting spring.main.allow-circular-references to true.

15:09:04.840 [main] ERROR o.s.b.d.LoggingFailureAnalysisReporter - [report,40] - 

***************************
APPLICATION FAILED TO START
***************************

Description:

The dependencies of some of the beans in the application context form a cycle:

   tokenController (field private com.ruoyi.auth.service.SysLoginService com.ruoyi.auth.controller.TokenController.sysLoginService)
      ↓
   sysLoginService (field private com.ruoyi.system.api.RemoteLogService com.ruoyi.auth.service.SysLoginService.remoteLogService)
      ↓
   org.springframework.boot.autoconfigure.web.servlet.WebMvcAutoConfiguration$EnableWebMvcConfiguration
┌─────┐
|  com.alibaba.cloud.sentinel.SentinelWebAutoConfiguration (field private java.util.Optional com.alibaba.cloud.sentinel.SentinelWebAutoConfiguration.sentinelWebInterceptorOptional)
└─────┘


Action:

Relying upon circular references is discouraged and they are prohibited by default. Update your application to remove the dependency cycle between beans. As a last resort, it may be possible to break the cycle automatically by setting spring.main.allow-circular-references to true.

15:10:44.358 [main] ERROR o.s.b.d.LoggingFailureAnalysisReporter - [report,40] - 

***************************
APPLICATION FAILED TO START
***************************

Description:

The dependencies of some of the beans in the application context form a cycle:

   tokenController (field private com.ruoyi.auth.service.SysLoginService com.ruoyi.auth.controller.TokenController.sysLoginService)
      ↓
   sysLoginService (field private com.ruoyi.system.api.RemoteLogService com.ruoyi.auth.service.SysLoginService.remoteLogService)
      ↓
   org.springframework.boot.autoconfigure.web.servlet.WebMvcAutoConfiguration$EnableWebMvcConfiguration
┌─────┐
|  com.alibaba.cloud.sentinel.SentinelWebAutoConfiguration (field private java.util.Optional com.alibaba.cloud.sentinel.SentinelWebAutoConfiguration.sentinelWebInterceptorOptional)
└─────┘


Action:

Relying upon circular references is discouraged and they are prohibited by default. Update your application to remove the dependency cycle between beans. As a last resort, it may be possible to break the cycle automatically by setting spring.main.allow-circular-references to true.

