15:07:06.951 [background-preinit] INFO  o.h.v.i.util.Version - [<clinit>,21] - HV000001: Hibernate Validator 6.2.0.Final
15:07:09.333 [main] INFO  c.a.n.c.r.client - [lambda$createClient$0,80] - [RpcClientFactory] create a new rpc client of ae5e528e-84f4-4ce7-8bc5-182d8ab8f022_config-0
15:07:09.391 [main] INFO  o.r.Reflections - [scan,232] - Reflections took 36 ms to scan 1 urls, producing 3 keys and 6 values 
15:07:09.425 [main] INFO  o.r.Reflections - [scan,232] - Reflections took 17 ms to scan 1 urls, producing 4 keys and 9 values 
15:07:09.442 [main] INFO  o.r.Reflections - [scan,232] - Reflections took 15 ms to scan 1 urls, producing 3 keys and 10 values 
15:07:09.670 [main] INFO  o.r.Reflections - [scan,232] - Reflections took 224 ms to scan 176 urls, producing 0 keys and 0 values 
15:07:09.684 [main] INFO  o.r.Reflections - [scan,232] - Reflections took 11 ms to scan 1 urls, producing 1 keys and 5 values 
15:07:09.701 [main] INFO  o.r.Reflections - [scan,232] - Reflections took 15 ms to scan 1 urls, producing 1 keys and 7 values 
15:07:09.715 [main] INFO  o.r.Reflections - [scan,232] - Reflections took 12 ms to scan 1 urls, producing 2 keys and 8 values 
15:07:09.889 [main] INFO  o.r.Reflections - [scan,232] - Reflections took 172 ms to scan 176 urls, producing 0 keys and 0 values 
15:07:09.894 [main] INFO  c.a.n.c.r.client - [printIfInfoEnabled,60] - [ae5e528e-84f4-4ce7-8bc5-182d8ab8f022_config-0] RpcClient init label, labels = {module=config, Vipserver-Tag=null, source=sdk, Amory-Tag=null, Location-Tag=null, taskId=0, AppName=unknown}
15:07:09.895 [main] INFO  c.a.n.c.r.client - [printIfInfoEnabled,60] - [ae5e528e-84f4-4ce7-8bc5-182d8ab8f022_config-0] Register server push request handler:com.alibaba.nacos.client.config.impl.ClientWorker$ConfigRpcTransportClient$$Lambda$331/1819897025
15:07:09.896 [main] INFO  c.a.n.c.r.client - [printIfInfoEnabled,60] - [ae5e528e-84f4-4ce7-8bc5-182d8ab8f022_config-0] Register server push request handler:com.alibaba.nacos.client.config.impl.ClientWorker$ConfigRpcTransportClient$$Lambda$332/577682023
15:07:09.897 [main] INFO  c.a.n.c.r.client - [printIfInfoEnabled,60] - [ae5e528e-84f4-4ce7-8bc5-182d8ab8f022_config-0] Registry connection listener to current client:com.alibaba.nacos.client.config.impl.ClientWorker$ConfigRpcTransportClient$1
15:07:09.898 [main] INFO  c.a.n.c.r.client - [printIfInfoEnabled,60] - [ae5e528e-84f4-4ce7-8bc5-182d8ab8f022_config-0] RpcClient init, ServerListFactory = com.alibaba.nacos.client.config.impl.ClientWorker$ConfigRpcTransportClient$2
15:07:09.910 [main] INFO  c.a.n.c.r.client - [printIfInfoEnabled,60] - [ae5e528e-84f4-4ce7-8bc5-182d8ab8f022_config-0] Try to connect to server on start up, server: {serverIp = '192.168.203.131', server main port = 8848}
15:07:12.160 [main] INFO  c.a.n.c.r.client - [printIfInfoEnabled,60] - [ae5e528e-84f4-4ce7-8bc5-182d8ab8f022_config-0] Success to connect to server [192.168.203.131:8848] on start up, connectionId = 1658041634844_192.168.203.1_52183
15:07:12.162 [main] INFO  c.a.n.c.r.client - [printIfInfoEnabled,60] - [ae5e528e-84f4-4ce7-8bc5-182d8ab8f022_config-0] Register server push request handler:com.alibaba.nacos.common.remote.client.RpcClient$ConnectResetRequestHandler
15:07:12.162 [com.alibaba.nacos.client.remote.worker] INFO  c.a.n.c.r.client - [printIfInfoEnabled,60] - [ae5e528e-84f4-4ce7-8bc5-182d8ab8f022_config-0] Notify connected event to listeners.
15:07:12.163 [main] INFO  c.a.n.c.r.client - [printIfInfoEnabled,60] - [ae5e528e-84f4-4ce7-8bc5-182d8ab8f022_config-0] Register server push request handler:com.alibaba.nacos.common.remote.client.RpcClient$$Lambda$341/1822651119
15:07:12.319 [main] INFO  c.r.a.RuoYiAuthApplication - [logStartupProfileInfo,639] - The following profiles are active: dev
15:07:14.853 [main] INFO  o.a.c.h.Http11NioProtocol - [log,173] - Initializing ProtocolHandler ["http-nio-9200"]
15:07:14.854 [main] INFO  o.a.c.c.StandardService - [log,173] - Starting service [Tomcat]
15:07:14.855 [main] INFO  o.a.c.c.StandardEngine - [log,173] - Starting Servlet engine: [Apache Tomcat/9.0.56]
15:07:15.007 [main] INFO  o.a.c.c.C.[.[.[/] - [log,173] - Initializing Spring embedded WebApplicationContext
15:07:15.922 [main] INFO  o.a.c.c.StandardService - [log,173] - Stopping service [Tomcat]
15:08:56.597 [background-preinit] INFO  o.h.v.i.util.Version - [<clinit>,21] - HV000001: Hibernate Validator 6.2.0.Final
15:08:58.973 [main] INFO  c.a.n.c.r.client - [lambda$createClient$0,80] - [RpcClientFactory] create a new rpc client of 3138f830-8252-4446-bc3b-57206453e048_config-0
15:08:59.037 [main] INFO  o.r.Reflections - [scan,232] - Reflections took 41 ms to scan 1 urls, producing 3 keys and 6 values 
15:08:59.072 [main] INFO  o.r.Reflections - [scan,232] - Reflections took 17 ms to scan 1 urls, producing 4 keys and 9 values 
15:08:59.089 [main] INFO  o.r.Reflections - [scan,232] - Reflections took 15 ms to scan 1 urls, producing 3 keys and 10 values 
15:08:59.283 [main] INFO  o.r.Reflections - [scan,232] - Reflections took 190 ms to scan 176 urls, producing 0 keys and 0 values 
15:08:59.296 [main] INFO  o.r.Reflections - [scan,232] - Reflections took 12 ms to scan 1 urls, producing 1 keys and 5 values 
15:08:59.312 [main] INFO  o.r.Reflections - [scan,232] - Reflections took 14 ms to scan 1 urls, producing 1 keys and 7 values 
15:08:59.326 [main] INFO  o.r.Reflections - [scan,232] - Reflections took 12 ms to scan 1 urls, producing 2 keys and 8 values 
15:08:59.496 [main] INFO  o.r.Reflections - [scan,232] - Reflections took 168 ms to scan 176 urls, producing 0 keys and 0 values 
15:08:59.498 [main] INFO  c.a.n.c.r.client - [printIfInfoEnabled,60] - [3138f830-8252-4446-bc3b-57206453e048_config-0] RpcClient init label, labels = {module=config, Vipserver-Tag=null, source=sdk, Amory-Tag=null, Location-Tag=null, taskId=0, AppName=unknown}
15:08:59.499 [main] INFO  c.a.n.c.r.client - [printIfInfoEnabled,60] - [3138f830-8252-4446-bc3b-57206453e048_config-0] Register server push request handler:com.alibaba.nacos.client.config.impl.ClientWorker$ConfigRpcTransportClient$$Lambda$331/892591894
15:08:59.499 [main] INFO  c.a.n.c.r.client - [printIfInfoEnabled,60] - [3138f830-8252-4446-bc3b-57206453e048_config-0] Register server push request handler:com.alibaba.nacos.client.config.impl.ClientWorker$ConfigRpcTransportClient$$Lambda$332/22874185
15:08:59.500 [main] INFO  c.a.n.c.r.client - [printIfInfoEnabled,60] - [3138f830-8252-4446-bc3b-57206453e048_config-0] Registry connection listener to current client:com.alibaba.nacos.client.config.impl.ClientWorker$ConfigRpcTransportClient$1
15:08:59.500 [main] INFO  c.a.n.c.r.client - [printIfInfoEnabled,60] - [3138f830-8252-4446-bc3b-57206453e048_config-0] RpcClient init, ServerListFactory = com.alibaba.nacos.client.config.impl.ClientWorker$ConfigRpcTransportClient$2
15:08:59.509 [main] INFO  c.a.n.c.r.client - [printIfInfoEnabled,60] - [3138f830-8252-4446-bc3b-57206453e048_config-0] Try to connect to server on start up, server: {serverIp = '192.168.203.131', server main port = 8848}
15:09:01.603 [main] INFO  c.a.n.c.r.client - [printIfInfoEnabled,60] - [3138f830-8252-4446-bc3b-57206453e048_config-0] Success to connect to server [192.168.203.131:8848] on start up, connectionId = 1658041744361_192.168.203.1_52476
15:09:01.603 [com.alibaba.nacos.client.remote.worker] INFO  c.a.n.c.r.client - [printIfInfoEnabled,60] - [3138f830-8252-4446-bc3b-57206453e048_config-0] Notify connected event to listeners.
15:09:01.604 [main] INFO  c.a.n.c.r.client - [printIfInfoEnabled,60] - [3138f830-8252-4446-bc3b-57206453e048_config-0] Register server push request handler:com.alibaba.nacos.common.remote.client.RpcClient$ConnectResetRequestHandler
15:09:01.605 [main] INFO  c.a.n.c.r.client - [printIfInfoEnabled,60] - [3138f830-8252-4446-bc3b-57206453e048_config-0] Register server push request handler:com.alibaba.nacos.common.remote.client.RpcClient$$Lambda$341/173783788
15:09:01.695 [main] INFO  c.r.a.RuoYiAuthApplication - [logStartupProfileInfo,639] - The following profiles are active: dev
15:09:03.771 [main] INFO  o.a.c.h.Http11NioProtocol - [log,173] - Initializing ProtocolHandler ["http-nio-9200"]
15:09:03.772 [main] INFO  o.a.c.c.StandardService - [log,173] - Starting service [Tomcat]
15:09:03.772 [main] INFO  o.a.c.c.StandardEngine - [log,173] - Starting Servlet engine: [Apache Tomcat/9.0.56]
15:09:03.916 [main] INFO  o.a.c.c.C.[.[.[/] - [log,173] - Initializing Spring embedded WebApplicationContext
15:09:04.788 [main] INFO  o.a.c.c.StandardService - [log,173] - Stopping service [Tomcat]
15:10:28.776 [background-preinit] INFO  o.h.v.i.util.Version - [<clinit>,21] - HV000001: Hibernate Validator 6.2.0.Final
15:10:32.080 [main] INFO  c.a.n.c.r.client - [lambda$createClient$0,80] - [RpcClientFactory] create a new rpc client of ee087844-1c23-4c91-b349-557b84f86394_config-0
15:10:32.217 [main] INFO  o.r.Reflections - [scan,232] - Reflections took 91 ms to scan 1 urls, producing 3 keys and 6 values 
15:10:32.340 [main] INFO  o.r.Reflections - [scan,232] - Reflections took 64 ms to scan 1 urls, producing 4 keys and 9 values 
15:10:32.416 [main] INFO  o.r.Reflections - [scan,232] - Reflections took 67 ms to scan 1 urls, producing 3 keys and 10 values 
15:10:32.896 [main] INFO  o.r.Reflections - [scan,232] - Reflections took 469 ms to scan 176 urls, producing 0 keys and 0 values 
15:10:32.922 [main] INFO  o.r.Reflections - [scan,232] - Reflections took 24 ms to scan 1 urls, producing 1 keys and 5 values 
15:10:32.959 [main] INFO  o.r.Reflections - [scan,232] - Reflections took 30 ms to scan 1 urls, producing 1 keys and 7 values 
15:10:32.994 [main] INFO  o.r.Reflections - [scan,232] - Reflections took 27 ms to scan 1 urls, producing 2 keys and 8 values 
15:10:33.358 [main] INFO  o.r.Reflections - [scan,232] - Reflections took 358 ms to scan 176 urls, producing 0 keys and 0 values 
15:10:33.364 [main] INFO  c.a.n.c.r.client - [printIfInfoEnabled,60] - [ee087844-1c23-4c91-b349-557b84f86394_config-0] RpcClient init label, labels = {module=config, Vipserver-Tag=null, source=sdk, Amory-Tag=null, Location-Tag=null, taskId=0, AppName=unknown}
15:10:33.368 [main] INFO  c.a.n.c.r.client - [printIfInfoEnabled,60] - [ee087844-1c23-4c91-b349-557b84f86394_config-0] Register server push request handler:com.alibaba.nacos.client.config.impl.ClientWorker$ConfigRpcTransportClient$$Lambda$331/1347294617
15:10:33.369 [main] INFO  c.a.n.c.r.client - [printIfInfoEnabled,60] - [ee087844-1c23-4c91-b349-557b84f86394_config-0] Register server push request handler:com.alibaba.nacos.client.config.impl.ClientWorker$ConfigRpcTransportClient$$Lambda$332/1912172027
15:10:33.371 [main] INFO  c.a.n.c.r.client - [printIfInfoEnabled,60] - [ee087844-1c23-4c91-b349-557b84f86394_config-0] Registry connection listener to current client:com.alibaba.nacos.client.config.impl.ClientWorker$ConfigRpcTransportClient$1
15:10:33.373 [main] INFO  c.a.n.c.r.client - [printIfInfoEnabled,60] - [ee087844-1c23-4c91-b349-557b84f86394_config-0] RpcClient init, ServerListFactory = com.alibaba.nacos.client.config.impl.ClientWorker$ConfigRpcTransportClient$2
15:10:33.390 [main] INFO  c.a.n.c.r.client - [printIfInfoEnabled,60] - [ee087844-1c23-4c91-b349-557b84f86394_config-0] Try to connect to server on start up, server: {serverIp = '192.168.203.131', server main port = 8848}
15:10:37.246 [main] INFO  c.a.n.c.r.client - [printIfInfoEnabled,60] - [ee087844-1c23-4c91-b349-557b84f86394_config-0] Success to connect to server [192.168.203.131:8848] on start up, connectionId = 1658041839837_192.168.203.1_52582
15:10:37.247 [com.alibaba.nacos.client.remote.worker] INFO  c.a.n.c.r.client - [printIfInfoEnabled,60] - [ee087844-1c23-4c91-b349-557b84f86394_config-0] Notify connected event to listeners.
15:10:37.248 [main] INFO  c.a.n.c.r.client - [printIfInfoEnabled,60] - [ee087844-1c23-4c91-b349-557b84f86394_config-0] Register server push request handler:com.alibaba.nacos.common.remote.client.RpcClient$ConnectResetRequestHandler
15:10:37.251 [main] INFO  c.a.n.c.r.client - [printIfInfoEnabled,60] - [ee087844-1c23-4c91-b349-557b84f86394_config-0] Register server push request handler:com.alibaba.nacos.common.remote.client.RpcClient$$Lambda$341/253722034
15:10:37.417 [main] INFO  c.r.a.RuoYiAuthApplication - [logStartupProfileInfo,639] - The following profiles are active: dev
15:10:42.301 [main] INFO  o.a.c.h.Http11NioProtocol - [log,173] - Initializing ProtocolHandler ["http-nio-9200"]
15:10:42.303 [main] INFO  o.a.c.c.StandardService - [log,173] - Starting service [Tomcat]
15:10:42.303 [main] INFO  o.a.c.c.StandardEngine - [log,173] - Starting Servlet engine: [Apache Tomcat/9.0.56]
15:10:42.605 [main] INFO  o.a.c.c.C.[.[.[/] - [log,173] - Initializing Spring embedded WebApplicationContext
15:10:44.276 [main] INFO  o.a.c.c.StandardService - [log,173] - Stopping service [Tomcat]
15:14:37.984 [background-preinit] INFO  o.h.v.i.util.Version - [<clinit>,21] - HV000001: Hibernate Validator 6.2.0.Final
15:14:40.458 [main] INFO  c.a.n.c.r.client - [lambda$createClient$0,80] - [RpcClientFactory] create a new rpc client of 7b9bd376-e37e-43f5-a7e3-934f54cccbad_config-0
15:14:40.529 [main] INFO  o.r.Reflections - [scan,232] - Reflections took 44 ms to scan 1 urls, producing 3 keys and 6 values 
15:14:40.576 [main] INFO  o.r.Reflections - [scan,232] - Reflections took 19 ms to scan 1 urls, producing 4 keys and 9 values 
15:14:40.598 [main] INFO  o.r.Reflections - [scan,232] - Reflections took 19 ms to scan 1 urls, producing 3 keys and 10 values 
15:14:40.909 [main] INFO  o.r.Reflections - [scan,232] - Reflections took 305 ms to scan 176 urls, producing 0 keys and 0 values 
15:14:40.931 [main] INFO  o.r.Reflections - [scan,232] - Reflections took 21 ms to scan 1 urls, producing 1 keys and 5 values 
15:14:40.960 [main] INFO  o.r.Reflections - [scan,232] - Reflections took 27 ms to scan 1 urls, producing 1 keys and 7 values 
15:14:40.986 [main] INFO  o.r.Reflections - [scan,232] - Reflections took 22 ms to scan 1 urls, producing 2 keys and 8 values 
15:14:41.308 [main] INFO  o.r.Reflections - [scan,232] - Reflections took 317 ms to scan 176 urls, producing 0 keys and 0 values 
15:14:41.310 [main] INFO  c.a.n.c.r.client - [printIfInfoEnabled,60] - [7b9bd376-e37e-43f5-a7e3-934f54cccbad_config-0] RpcClient init label, labels = {module=config, Vipserver-Tag=null, source=sdk, Amory-Tag=null, Location-Tag=null, taskId=0, AppName=unknown}
15:14:41.312 [main] INFO  c.a.n.c.r.client - [printIfInfoEnabled,60] - [7b9bd376-e37e-43f5-a7e3-934f54cccbad_config-0] Register server push request handler:com.alibaba.nacos.client.config.impl.ClientWorker$ConfigRpcTransportClient$$Lambda$332/256703888
15:14:41.313 [main] INFO  c.a.n.c.r.client - [printIfInfoEnabled,60] - [7b9bd376-e37e-43f5-a7e3-934f54cccbad_config-0] Register server push request handler:com.alibaba.nacos.client.config.impl.ClientWorker$ConfigRpcTransportClient$$Lambda$333/2062132026
15:14:41.315 [main] INFO  c.a.n.c.r.client - [printIfInfoEnabled,60] - [7b9bd376-e37e-43f5-a7e3-934f54cccbad_config-0] Registry connection listener to current client:com.alibaba.nacos.client.config.impl.ClientWorker$ConfigRpcTransportClient$1
15:14:41.317 [main] INFO  c.a.n.c.r.client - [printIfInfoEnabled,60] - [7b9bd376-e37e-43f5-a7e3-934f54cccbad_config-0] RpcClient init, ServerListFactory = com.alibaba.nacos.client.config.impl.ClientWorker$ConfigRpcTransportClient$2
15:14:41.337 [main] INFO  c.a.n.c.r.client - [printIfInfoEnabled,60] - [7b9bd376-e37e-43f5-a7e3-934f54cccbad_config-0] Try to connect to server on start up, server: {serverIp = '192.168.203.131', server main port = 8848}
15:14:44.124 [main] INFO  c.a.n.c.r.client - [printIfInfoEnabled,60] - [7b9bd376-e37e-43f5-a7e3-934f54cccbad_config-0] Success to connect to server [192.168.203.131:8848] on start up, connectionId = 1658042086848_192.168.203.1_53142
15:14:44.125 [com.alibaba.nacos.client.remote.worker] INFO  c.a.n.c.r.client - [printIfInfoEnabled,60] - [7b9bd376-e37e-43f5-a7e3-934f54cccbad_config-0] Notify connected event to listeners.
15:14:44.126 [main] INFO  c.a.n.c.r.client - [printIfInfoEnabled,60] - [7b9bd376-e37e-43f5-a7e3-934f54cccbad_config-0] Register server push request handler:com.alibaba.nacos.common.remote.client.RpcClient$ConnectResetRequestHandler
15:14:44.127 [main] INFO  c.a.n.c.r.client - [printIfInfoEnabled,60] - [7b9bd376-e37e-43f5-a7e3-934f54cccbad_config-0] Register server push request handler:com.alibaba.nacos.common.remote.client.RpcClient$$Lambda$342/61620079
15:14:44.258 [main] INFO  c.r.a.RuoYiAuthApplication - [logStartupProfileInfo,639] - The following profiles are active: dev
15:14:47.189 [main] INFO  o.a.c.h.Http11NioProtocol - [log,173] - Initializing ProtocolHandler ["http-nio-9200"]
15:14:47.190 [main] INFO  o.a.c.c.StandardService - [log,173] - Starting service [Tomcat]
15:14:47.191 [main] INFO  o.a.c.c.StandardEngine - [log,173] - Starting Servlet engine: [Apache Tomcat/9.0.56]
15:14:47.402 [main] INFO  o.a.c.c.C.[.[.[/] - [log,173] - Initializing Spring embedded WebApplicationContext
15:14:48.983 [main] INFO  c.a.c.s.SentinelWebAutoConfiguration - [addInterceptors,80] - [Sentinel Starter] register SentinelWebInterceptor with urlPatterns: [/**].
15:14:51.012 [main] INFO  c.a.n.c.r.client - [lambda$createClient$0,80] - [RpcClientFactory] create a new rpc client of cbf3e848-242c-4ee6-9a79-b11e03c3a26e
15:14:51.013 [main] INFO  c.a.n.c.r.client - [printIfInfoEnabled,60] - [cbf3e848-242c-4ee6-9a79-b11e03c3a26e] RpcClient init label, labels = {module=naming, source=sdk}
15:14:51.207 [main] INFO  c.a.n.c.r.client - [printIfInfoEnabled,60] - [cbf3e848-242c-4ee6-9a79-b11e03c3a26e] RpcClient init, ServerListFactory = com.alibaba.nacos.client.naming.core.ServerListManager
15:14:51.207 [main] INFO  c.a.n.c.r.client - [printIfInfoEnabled,60] - [cbf3e848-242c-4ee6-9a79-b11e03c3a26e] Registry connection listener to current client:com.alibaba.nacos.client.naming.remote.gprc.redo.NamingGrpcRedoService
15:14:51.208 [main] INFO  c.a.n.c.r.client - [printIfInfoEnabled,60] - [cbf3e848-242c-4ee6-9a79-b11e03c3a26e] Register server push request handler:com.alibaba.nacos.client.naming.remote.gprc.NamingPushRequestHandler
15:14:51.209 [main] INFO  c.a.n.c.r.client - [printIfInfoEnabled,60] - [cbf3e848-242c-4ee6-9a79-b11e03c3a26e] Try to connect to server on start up, server: {serverIp = '192.168.203.131', server main port = 8848}
15:14:51.328 [main] INFO  c.a.n.c.r.client - [printIfInfoEnabled,60] - [cbf3e848-242c-4ee6-9a79-b11e03c3a26e] Success to connect to server [192.168.203.131:8848] on start up, connectionId = 1658042094275_192.168.203.1_53197
15:14:51.328 [com.alibaba.nacos.client.remote.worker] INFO  c.a.n.c.r.client - [printIfInfoEnabled,60] - [cbf3e848-242c-4ee6-9a79-b11e03c3a26e] Notify connected event to listeners.
15:14:51.328 [main] INFO  c.a.n.c.r.client - [printIfInfoEnabled,60] - [cbf3e848-242c-4ee6-9a79-b11e03c3a26e] Register server push request handler:com.alibaba.nacos.common.remote.client.RpcClient$ConnectResetRequestHandler
15:14:51.329 [main] INFO  c.a.n.c.r.client - [printIfInfoEnabled,60] - [cbf3e848-242c-4ee6-9a79-b11e03c3a26e] Register server push request handler:com.alibaba.nacos.common.remote.client.RpcClient$$Lambda$342/61620079
15:14:54.414 [main] INFO  o.a.c.h.Http11NioProtocol - [log,173] - Starting ProtocolHandler ["http-nio-9200"]
15:14:54.452 [main] INFO  c.a.c.n.r.NacosServiceRegistry - [register,75] - nacos registry, DEFAULT_GROUP ruoyi-auth 192.168.31.1:9200 register finished
15:14:54.960 [nacos-grpc-client-executor-6] INFO  c.a.n.c.r.client - [printIfInfoEnabled,60] - [cbf3e848-242c-4ee6-9a79-b11e03c3a26e] Receive server push request, request = NotifySubscriberRequest, requestId = 7
15:14:54.966 [nacos-grpc-client-executor-6] INFO  c.a.n.c.r.client - [printIfInfoEnabled,60] - [cbf3e848-242c-4ee6-9a79-b11e03c3a26e] Ack server push request, request = NotifySubscriberRequest, requestId = 7
15:14:56.356 [main] INFO  c.r.a.RuoYiAuthApplication - [logStarted,61] - Started RuoYiAuthApplication in 20.662 seconds (JVM running for 22.316)
15:14:57.552 [RMI TCP Connection(3)-192.168.246.151] INFO  o.a.c.c.C.[.[.[/] - [log,173] - Initializing Spring DispatcherServlet 'dispatcherServlet'
15:18:18.157 [background-preinit] INFO  o.h.v.i.util.Version - [<clinit>,21] - HV000001: Hibernate Validator 6.2.0.Final
15:18:20.550 [main] INFO  c.a.n.c.r.client - [lambda$createClient$0,80] - [RpcClientFactory] create a new rpc client of 4ef9e7cb-c653-49b2-8894-7119117756d1_config-0
15:18:20.613 [main] INFO  o.r.Reflections - [scan,232] - Reflections took 39 ms to scan 1 urls, producing 3 keys and 6 values 
15:18:20.649 [main] INFO  o.r.Reflections - [scan,232] - Reflections took 15 ms to scan 1 urls, producing 4 keys and 9 values 
15:18:20.670 [main] INFO  o.r.Reflections - [scan,232] - Reflections took 18 ms to scan 1 urls, producing 3 keys and 10 values 
15:18:20.961 [main] INFO  o.r.Reflections - [scan,232] - Reflections took 287 ms to scan 176 urls, producing 0 keys and 0 values 
15:18:20.979 [main] INFO  o.r.Reflections - [scan,232] - Reflections took 16 ms to scan 1 urls, producing 1 keys and 5 values 
15:18:20.999 [main] INFO  o.r.Reflections - [scan,232] - Reflections took 17 ms to scan 1 urls, producing 1 keys and 7 values 
15:18:21.014 [main] INFO  o.r.Reflections - [scan,232] - Reflections took 12 ms to scan 1 urls, producing 2 keys and 8 values 
15:18:21.362 [main] INFO  o.r.Reflections - [scan,232] - Reflections took 346 ms to scan 176 urls, producing 0 keys and 0 values 
15:18:21.366 [main] INFO  c.a.n.c.r.client - [printIfInfoEnabled,60] - [4ef9e7cb-c653-49b2-8894-7119117756d1_config-0] RpcClient init label, labels = {module=config, Vipserver-Tag=null, source=sdk, Amory-Tag=null, Location-Tag=null, taskId=0, AppName=unknown}
15:18:21.369 [main] INFO  c.a.n.c.r.client - [printIfInfoEnabled,60] - [4ef9e7cb-c653-49b2-8894-7119117756d1_config-0] Register server push request handler:com.alibaba.nacos.client.config.impl.ClientWorker$ConfigRpcTransportClient$$Lambda$332/1940749968
15:18:21.370 [main] INFO  c.a.n.c.r.client - [printIfInfoEnabled,60] - [4ef9e7cb-c653-49b2-8894-7119117756d1_config-0] Register server push request handler:com.alibaba.nacos.client.config.impl.ClientWorker$ConfigRpcTransportClient$$Lambda$333/1269006535
15:18:21.371 [main] INFO  c.a.n.c.r.client - [printIfInfoEnabled,60] - [4ef9e7cb-c653-49b2-8894-7119117756d1_config-0] Registry connection listener to current client:com.alibaba.nacos.client.config.impl.ClientWorker$ConfigRpcTransportClient$1
15:18:21.373 [main] INFO  c.a.n.c.r.client - [printIfInfoEnabled,60] - [4ef9e7cb-c653-49b2-8894-7119117756d1_config-0] RpcClient init, ServerListFactory = com.alibaba.nacos.client.config.impl.ClientWorker$ConfigRpcTransportClient$2
15:18:21.390 [main] INFO  c.a.n.c.r.client - [printIfInfoEnabled,60] - [4ef9e7cb-c653-49b2-8894-7119117756d1_config-0] Try to connect to server on start up, server: {serverIp = '192.168.203.131', server main port = 8848}
15:18:24.531 [main] INFO  c.a.n.c.r.client - [printIfInfoEnabled,60] - [4ef9e7cb-c653-49b2-8894-7119117756d1_config-0] Success to connect to server [192.168.203.131:8848] on start up, connectionId = 1658042307180_192.168.203.1_53762
15:18:24.533 [main] INFO  c.a.n.c.r.client - [printIfInfoEnabled,60] - [4ef9e7cb-c653-49b2-8894-7119117756d1_config-0] Register server push request handler:com.alibaba.nacos.common.remote.client.RpcClient$ConnectResetRequestHandler
15:18:24.532 [com.alibaba.nacos.client.remote.worker] INFO  c.a.n.c.r.client - [printIfInfoEnabled,60] - [4ef9e7cb-c653-49b2-8894-7119117756d1_config-0] Notify connected event to listeners.
15:18:24.534 [main] INFO  c.a.n.c.r.client - [printIfInfoEnabled,60] - [4ef9e7cb-c653-49b2-8894-7119117756d1_config-0] Register server push request handler:com.alibaba.nacos.common.remote.client.RpcClient$$Lambda$342/1217416538
15:18:24.658 [main] INFO  c.r.a.RuoYiAuthApplication - [logStartupProfileInfo,639] - The following profiles are active: dev
15:18:28.807 [main] INFO  o.a.c.h.Http11NioProtocol - [log,173] - Initializing ProtocolHandler ["http-nio-9200"]
15:18:28.808 [main] INFO  o.a.c.c.StandardService - [log,173] - Starting service [Tomcat]
15:18:28.808 [main] INFO  o.a.c.c.StandardEngine - [log,173] - Starting Servlet engine: [Apache Tomcat/9.0.56]
15:18:29.017 [main] INFO  o.a.c.c.C.[.[.[/] - [log,173] - Initializing Spring embedded WebApplicationContext
15:18:31.875 [main] INFO  c.a.c.s.SentinelWebAutoConfiguration - [addInterceptors,80] - [Sentinel Starter] register SentinelWebInterceptor with urlPatterns: [/**].
15:18:34.559 [main] INFO  c.a.n.c.r.client - [lambda$createClient$0,80] - [RpcClientFactory] create a new rpc client of af7115b0-397f-4027-9424-cbd6e623dd8f
15:18:34.560 [main] INFO  c.a.n.c.r.client - [printIfInfoEnabled,60] - [af7115b0-397f-4027-9424-cbd6e623dd8f] RpcClient init label, labels = {module=naming, source=sdk}
15:18:34.855 [main] INFO  c.a.n.c.r.client - [printIfInfoEnabled,60] - [af7115b0-397f-4027-9424-cbd6e623dd8f] RpcClient init, ServerListFactory = com.alibaba.nacos.client.naming.core.ServerListManager
15:18:34.857 [main] INFO  c.a.n.c.r.client - [printIfInfoEnabled,60] - [af7115b0-397f-4027-9424-cbd6e623dd8f] Registry connection listener to current client:com.alibaba.nacos.client.naming.remote.gprc.redo.NamingGrpcRedoService
15:18:34.896 [main] INFO  c.a.n.c.r.client - [printIfInfoEnabled,60] - [af7115b0-397f-4027-9424-cbd6e623dd8f] Register server push request handler:com.alibaba.nacos.client.naming.remote.gprc.NamingPushRequestHandler
15:18:34.898 [main] INFO  c.a.n.c.r.client - [printIfInfoEnabled,60] - [af7115b0-397f-4027-9424-cbd6e623dd8f] Try to connect to server on start up, server: {serverIp = '192.168.203.131', server main port = 8848}
15:18:35.033 [main] INFO  c.a.n.c.r.client - [printIfInfoEnabled,60] - [af7115b0-397f-4027-9424-cbd6e623dd8f] Success to connect to server [192.168.203.131:8848] on start up, connectionId = 1658042317973_192.168.203.1_53823
15:18:35.033 [com.alibaba.nacos.client.remote.worker] INFO  c.a.n.c.r.client - [printIfInfoEnabled,60] - [af7115b0-397f-4027-9424-cbd6e623dd8f] Notify connected event to listeners.
15:18:35.033 [main] INFO  c.a.n.c.r.client - [printIfInfoEnabled,60] - [af7115b0-397f-4027-9424-cbd6e623dd8f] Register server push request handler:com.alibaba.nacos.common.remote.client.RpcClient$ConnectResetRequestHandler
15:18:35.034 [main] INFO  c.a.n.c.r.client - [printIfInfoEnabled,60] - [af7115b0-397f-4027-9424-cbd6e623dd8f] Register server push request handler:com.alibaba.nacos.common.remote.client.RpcClient$$Lambda$342/1217416538
15:18:38.072 [main] INFO  o.a.c.h.Http11NioProtocol - [log,173] - Starting ProtocolHandler ["http-nio-9200"]
15:18:38.113 [main] INFO  c.a.c.n.r.NacosServiceRegistry - [register,75] - nacos registry, DEFAULT_GROUP ruoyi-auth 192.168.31.1:9200 register finished
15:18:38.605 [nacos-grpc-client-executor-6] INFO  c.a.n.c.r.client - [printIfInfoEnabled,60] - [af7115b0-397f-4027-9424-cbd6e623dd8f] Receive server push request, request = NotifySubscriberRequest, requestId = 20
15:18:38.614 [nacos-grpc-client-executor-6] INFO  c.a.n.c.r.client - [printIfInfoEnabled,60] - [af7115b0-397f-4027-9424-cbd6e623dd8f] Ack server push request, request = NotifySubscriberRequest, requestId = 20
15:18:40.123 [main] INFO  c.r.a.RuoYiAuthApplication - [logStarted,61] - Started RuoYiAuthApplication in 24.39 seconds (JVM running for 26.248)
15:18:40.968 [RMI TCP Connection(6)-192.168.246.151] INFO  o.a.c.c.C.[.[.[/] - [log,173] - Initializing Spring DispatcherServlet 'dispatcherServlet'
15:32:46.102 [nacos-grpc-client-executor-179] INFO  c.a.n.c.r.client - [printIfInfoEnabled,60] - [af7115b0-397f-4027-9424-cbd6e623dd8f] Receive server push request, request = NotifySubscriberRequest, requestId = 43
15:32:46.102 [nacos-grpc-client-executor-179] INFO  c.a.n.c.r.client - [printIfInfoEnabled,60] - [af7115b0-397f-4027-9424-cbd6e623dd8f] Ack server push request, request = NotifySubscriberRequest, requestId = 43
16:49:42.405 [SpringApplicationShutdownHook] INFO  c.a.c.n.r.NacosServiceRegistry - [deregister,90] - De-registering from Nacos Server now...
16:49:42.421 [SpringApplicationShutdownHook] INFO  c.a.c.n.r.NacosServiceRegistry - [deregister,110] - De-registration finished.
16:49:42.744 [SpringApplicationShutdownHook] INFO  c.a.n.c.r.client - [shutdown,454] - Shutdown rpc client, set status to shutdown
16:49:42.745 [SpringApplicationShutdownHook] INFO  c.a.n.c.r.client - [shutdown,456] - Shutdown client event executor java.util.concurrent.ScheduledThreadPoolExecutor@4f34eecc[Running, pool size = 2, active threads = 2, queued tasks = 0, completed tasks = 0]
16:49:42.746 [SpringApplicationShutdownHook] INFO  c.a.n.c.r.client - [closeConnection,591] - Close current connection 1658042317973_192.168.203.1_53823
16:49:42.751 [nacos-grpc-client-executor-1165] INFO  c.a.n.c.r.c.g.GrpcClient - [printIfInfoEnabled,60] - [1658042317973_192.168.203.1_53823]Ignore complete event,isRunning:false,isAbandon=false
16:49:42.770 [SpringApplicationShutdownHook] INFO  c.a.n.c.r.c.g.GrpcClient - [shutdown,85] - Shutdown grpc executor java.util.concurrent.ThreadPoolExecutor@160b9912[Running, pool size = 6, active threads = 0, queued tasks = 0, completed tasks = 1166]
