15:11:51.915 [background-preinit] INFO  o.h.v.i.util.Version - [<clinit>,21] - HV000001: Hibernate Validator 6.2.0.Final
15:11:54.420 [main] INFO  c.a.n.c.r.client - [lambda$createClient$0,80] - [RpcClientFactory] create a new rpc client of 5fce7158-a318-486f-a232-f835016d4b5b_config-0
15:11:54.484 [main] INFO  o.r.Reflections - [scan,232] - Reflections took 35 ms to scan 1 urls, producing 3 keys and 6 values 
15:11:54.522 [main] INFO  o.r.Reflections - [scan,232] - Reflections took 19 ms to scan 1 urls, producing 4 keys and 9 values 
15:11:54.544 [main] INFO  o.r.Reflections - [scan,232] - Reflections took 17 ms to scan 1 urls, producing 3 keys and 10 values 
15:11:54.789 [main] INFO  o.r.Reflections - [scan,232] - Reflections took 241 ms to scan 249 urls, producing 0 keys and 0 values 
15:11:54.806 [main] INFO  o.r.Reflections - [scan,232] - Reflections took 15 ms to scan 1 urls, producing 1 keys and 5 values 
15:11:54.823 [main] INFO  o.r.Reflections - [scan,232] - Reflections took 14 ms to scan 1 urls, producing 1 keys and 7 values 
15:11:54.838 [main] INFO  o.r.Reflections - [scan,232] - Reflections took 12 ms to scan 1 urls, producing 2 keys and 8 values 
15:11:55.035 [main] INFO  o.r.Reflections - [scan,232] - Reflections took 195 ms to scan 249 urls, producing 0 keys and 0 values 
15:11:55.036 [main] INFO  c.a.n.c.r.client - [printIfInfoEnabled,60] - [5fce7158-a318-486f-a232-f835016d4b5b_config-0] RpcClient init label, labels = {module=config, Vipserver-Tag=null, source=sdk, Amory-Tag=null, Location-Tag=null, taskId=0, AppName=unknown}
15:11:55.037 [main] INFO  c.a.n.c.r.client - [printIfInfoEnabled,60] - [5fce7158-a318-486f-a232-f835016d4b5b_config-0] Register server push request handler:com.alibaba.nacos.client.config.impl.ClientWorker$ConfigRpcTransportClient$$Lambda$331/1604020967
15:11:55.038 [main] INFO  c.a.n.c.r.client - [printIfInfoEnabled,60] - [5fce7158-a318-486f-a232-f835016d4b5b_config-0] Register server push request handler:com.alibaba.nacos.client.config.impl.ClientWorker$ConfigRpcTransportClient$$Lambda$332/277697988
15:11:55.038 [main] INFO  c.a.n.c.r.client - [printIfInfoEnabled,60] - [5fce7158-a318-486f-a232-f835016d4b5b_config-0] Registry connection listener to current client:com.alibaba.nacos.client.config.impl.ClientWorker$ConfigRpcTransportClient$1
15:11:55.039 [main] INFO  c.a.n.c.r.client - [printIfInfoEnabled,60] - [5fce7158-a318-486f-a232-f835016d4b5b_config-0] RpcClient init, ServerListFactory = com.alibaba.nacos.client.config.impl.ClientWorker$ConfigRpcTransportClient$2
15:11:55.049 [main] INFO  c.a.n.c.r.client - [printIfInfoEnabled,60] - [5fce7158-a318-486f-a232-f835016d4b5b_config-0] Try to connect to server on start up, server: {serverIp = '192.168.203.131', server main port = 8848}
15:11:57.016 [main] INFO  c.a.n.c.r.client - [printIfInfoEnabled,60] - [5fce7158-a318-486f-a232-f835016d4b5b_config-0] Success to connect to server [192.168.203.131:8848] on start up, connectionId = 1658041919874_192.168.203.1_53005
15:11:57.016 [com.alibaba.nacos.client.remote.worker] INFO  c.a.n.c.r.client - [printIfInfoEnabled,60] - [5fce7158-a318-486f-a232-f835016d4b5b_config-0] Notify connected event to listeners.
15:11:57.017 [main] INFO  c.a.n.c.r.client - [printIfInfoEnabled,60] - [5fce7158-a318-486f-a232-f835016d4b5b_config-0] Register server push request handler:com.alibaba.nacos.common.remote.client.RpcClient$ConnectResetRequestHandler
15:11:57.018 [main] INFO  c.a.n.c.r.client - [printIfInfoEnabled,60] - [5fce7158-a318-486f-a232-f835016d4b5b_config-0] Register server push request handler:com.alibaba.nacos.common.remote.client.RpcClient$$Lambda$341/1492801385
15:11:57.110 [main] INFO  c.r.s.RuoYiSystemApplication - [logStartupProfileInfo,639] - The following profiles are active: dev
15:12:00.350 [main] INFO  o.a.c.h.Http11NioProtocol - [log,173] - Initializing ProtocolHandler ["http-nio-9201"]
15:12:00.351 [main] INFO  o.a.c.c.StandardService - [log,173] - Starting service [Tomcat]
15:12:00.351 [main] INFO  o.a.c.c.StandardEngine - [log,173] - Starting Servlet engine: [Apache Tomcat/9.0.56]
15:12:00.593 [main] INFO  o.a.c.c.C.[.[.[/] - [log,173] - Initializing Spring embedded WebApplicationContext
15:12:02.231 [main] INFO  c.a.d.p.DruidDataSource - [init,972] - {dataSource-1,master} inited
15:12:02.238 [main] INFO  o.a.c.c.StandardService - [log,173] - Stopping service [Tomcat]
15:12:02.267 [Druid-ConnectionPool-Create-2125952195] INFO  c.a.d.p.DruidAbstractDataSource - [setFailContinuous,1790] - {dataSource-1} failContinuous is true
15:15:28.920 [background-preinit] INFO  o.h.v.i.util.Version - [<clinit>,21] - HV000001: Hibernate Validator 6.2.0.Final
15:15:31.000 [main] INFO  c.a.n.c.r.client - [lambda$createClient$0,80] - [RpcClientFactory] create a new rpc client of ed186e76-5002-4c9a-b815-e2858946638b_config-0
15:15:31.052 [main] INFO  o.r.Reflections - [scan,232] - Reflections took 30 ms to scan 1 urls, producing 3 keys and 6 values 
15:15:31.087 [main] INFO  o.r.Reflections - [scan,232] - Reflections took 17 ms to scan 1 urls, producing 4 keys and 9 values 
15:15:31.105 [main] INFO  o.r.Reflections - [scan,232] - Reflections took 15 ms to scan 1 urls, producing 3 keys and 10 values 
15:15:31.322 [main] INFO  o.r.Reflections - [scan,232] - Reflections took 214 ms to scan 249 urls, producing 0 keys and 0 values 
15:15:31.338 [main] INFO  o.r.Reflections - [scan,232] - Reflections took 14 ms to scan 1 urls, producing 1 keys and 5 values 
15:15:31.354 [main] INFO  o.r.Reflections - [scan,232] - Reflections took 14 ms to scan 1 urls, producing 1 keys and 7 values 
15:15:31.367 [main] INFO  o.r.Reflections - [scan,232] - Reflections took 11 ms to scan 1 urls, producing 2 keys and 8 values 
15:15:31.545 [main] INFO  o.r.Reflections - [scan,232] - Reflections took 175 ms to scan 249 urls, producing 0 keys and 0 values 
15:15:31.547 [main] INFO  c.a.n.c.r.client - [printIfInfoEnabled,60] - [ed186e76-5002-4c9a-b815-e2858946638b_config-0] RpcClient init label, labels = {module=config, Vipserver-Tag=null, source=sdk, Amory-Tag=null, Location-Tag=null, taskId=0, AppName=unknown}
15:15:31.547 [main] INFO  c.a.n.c.r.client - [printIfInfoEnabled,60] - [ed186e76-5002-4c9a-b815-e2858946638b_config-0] Register server push request handler:com.alibaba.nacos.client.config.impl.ClientWorker$ConfigRpcTransportClient$$Lambda$332/933027910
15:15:31.548 [main] INFO  c.a.n.c.r.client - [printIfInfoEnabled,60] - [ed186e76-5002-4c9a-b815-e2858946638b_config-0] Register server push request handler:com.alibaba.nacos.client.config.impl.ClientWorker$ConfigRpcTransportClient$$Lambda$333/1880869198
15:15:31.549 [main] INFO  c.a.n.c.r.client - [printIfInfoEnabled,60] - [ed186e76-5002-4c9a-b815-e2858946638b_config-0] Registry connection listener to current client:com.alibaba.nacos.client.config.impl.ClientWorker$ConfigRpcTransportClient$1
15:15:31.550 [main] INFO  c.a.n.c.r.client - [printIfInfoEnabled,60] - [ed186e76-5002-4c9a-b815-e2858946638b_config-0] RpcClient init, ServerListFactory = com.alibaba.nacos.client.config.impl.ClientWorker$ConfigRpcTransportClient$2
15:15:31.560 [main] INFO  c.a.n.c.r.client - [printIfInfoEnabled,60] - [ed186e76-5002-4c9a-b815-e2858946638b_config-0] Try to connect to server on start up, server: {serverIp = '192.168.203.131', server main port = 8848}
15:15:33.351 [main] INFO  c.a.n.c.r.client - [printIfInfoEnabled,60] - [ed186e76-5002-4c9a-b815-e2858946638b_config-0] Success to connect to server [192.168.203.131:8848] on start up, connectionId = 1658042136203_192.168.203.1_53541
15:15:33.352 [com.alibaba.nacos.client.remote.worker] INFO  c.a.n.c.r.client - [printIfInfoEnabled,60] - [ed186e76-5002-4c9a-b815-e2858946638b_config-0] Notify connected event to listeners.
15:15:33.352 [main] INFO  c.a.n.c.r.client - [printIfInfoEnabled,60] - [ed186e76-5002-4c9a-b815-e2858946638b_config-0] Register server push request handler:com.alibaba.nacos.common.remote.client.RpcClient$ConnectResetRequestHandler
15:15:33.353 [main] INFO  c.a.n.c.r.client - [printIfInfoEnabled,60] - [ed186e76-5002-4c9a-b815-e2858946638b_config-0] Register server push request handler:com.alibaba.nacos.common.remote.client.RpcClient$$Lambda$342/1955566523
15:15:33.489 [main] INFO  c.r.s.RuoYiSystemApplication - [logStartupProfileInfo,639] - The following profiles are active: dev
15:15:36.660 [main] INFO  o.a.c.h.Http11NioProtocol - [log,173] - Initializing ProtocolHandler ["http-nio-9201"]
15:15:36.661 [main] INFO  o.a.c.c.StandardService - [log,173] - Starting service [Tomcat]
15:15:36.661 [main] INFO  o.a.c.c.StandardEngine - [log,173] - Starting Servlet engine: [Apache Tomcat/9.0.56]
15:15:36.819 [main] INFO  o.a.c.c.C.[.[.[/] - [log,173] - Initializing Spring embedded WebApplicationContext
15:15:38.074 [main] INFO  c.a.d.p.DruidDataSource - [init,972] - {dataSource-1,master} inited
15:15:38.078 [main] INFO  o.a.c.c.StandardService - [log,173] - Stopping service [Tomcat]
15:15:38.102 [Druid-ConnectionPool-Create-1805704378] INFO  c.a.d.p.DruidAbstractDataSource - [setFailContinuous,1790] - {dataSource-1} failContinuous is true
15:19:21.715 [background-preinit] INFO  o.h.v.i.util.Version - [<clinit>,21] - HV000001: Hibernate Validator 6.2.0.Final
15:19:23.873 [main] INFO  c.a.n.c.r.client - [lambda$createClient$0,80] - [RpcClientFactory] create a new rpc client of 6ff7fab3-0f4c-47bf-94eb-5415147b6d61_config-0
15:19:23.919 [main] INFO  o.r.Reflections - [scan,232] - Reflections took 26 ms to scan 1 urls, producing 3 keys and 6 values 
15:19:23.949 [main] INFO  o.r.Reflections - [scan,232] - Reflections took 16 ms to scan 1 urls, producing 4 keys and 9 values 
15:19:23.967 [main] INFO  o.r.Reflections - [scan,232] - Reflections took 15 ms to scan 1 urls, producing 3 keys and 10 values 
15:19:24.186 [main] INFO  o.r.Reflections - [scan,232] - Reflections took 216 ms to scan 249 urls, producing 0 keys and 0 values 
15:19:24.205 [main] INFO  o.r.Reflections - [scan,232] - Reflections took 18 ms to scan 1 urls, producing 1 keys and 5 values 
15:19:24.223 [main] INFO  o.r.Reflections - [scan,232] - Reflections took 14 ms to scan 1 urls, producing 1 keys and 7 values 
15:19:24.236 [main] INFO  o.r.Reflections - [scan,232] - Reflections took 11 ms to scan 1 urls, producing 2 keys and 8 values 
15:19:24.417 [main] INFO  o.r.Reflections - [scan,232] - Reflections took 179 ms to scan 249 urls, producing 0 keys and 0 values 
15:19:24.418 [main] INFO  c.a.n.c.r.client - [printIfInfoEnabled,60] - [6ff7fab3-0f4c-47bf-94eb-5415147b6d61_config-0] RpcClient init label, labels = {module=config, Vipserver-Tag=null, source=sdk, Amory-Tag=null, Location-Tag=null, taskId=0, AppName=unknown}
15:19:24.419 [main] INFO  c.a.n.c.r.client - [printIfInfoEnabled,60] - [6ff7fab3-0f4c-47bf-94eb-5415147b6d61_config-0] Register server push request handler:com.alibaba.nacos.client.config.impl.ClientWorker$ConfigRpcTransportClient$$Lambda$332/1930319715
15:19:24.420 [main] INFO  c.a.n.c.r.client - [printIfInfoEnabled,60] - [6ff7fab3-0f4c-47bf-94eb-5415147b6d61_config-0] Register server push request handler:com.alibaba.nacos.client.config.impl.ClientWorker$ConfigRpcTransportClient$$Lambda$333/1920321355
15:19:24.420 [main] INFO  c.a.n.c.r.client - [printIfInfoEnabled,60] - [6ff7fab3-0f4c-47bf-94eb-5415147b6d61_config-0] Registry connection listener to current client:com.alibaba.nacos.client.config.impl.ClientWorker$ConfigRpcTransportClient$1
15:19:24.421 [main] INFO  c.a.n.c.r.client - [printIfInfoEnabled,60] - [6ff7fab3-0f4c-47bf-94eb-5415147b6d61_config-0] RpcClient init, ServerListFactory = com.alibaba.nacos.client.config.impl.ClientWorker$ConfigRpcTransportClient$2
15:19:24.430 [main] INFO  c.a.n.c.r.client - [printIfInfoEnabled,60] - [6ff7fab3-0f4c-47bf-94eb-5415147b6d61_config-0] Try to connect to server on start up, server: {serverIp = '192.168.203.131', server main port = 8848}
15:19:26.311 [main] INFO  c.a.n.c.r.client - [printIfInfoEnabled,60] - [6ff7fab3-0f4c-47bf-94eb-5415147b6d61_config-0] Success to connect to server [192.168.203.131:8848] on start up, connectionId = 1658042369172_192.168.203.1_54282
15:19:26.312 [com.alibaba.nacos.client.remote.worker] INFO  c.a.n.c.r.client - [printIfInfoEnabled,60] - [6ff7fab3-0f4c-47bf-94eb-5415147b6d61_config-0] Notify connected event to listeners.
15:19:26.313 [main] INFO  c.a.n.c.r.client - [printIfInfoEnabled,60] - [6ff7fab3-0f4c-47bf-94eb-5415147b6d61_config-0] Register server push request handler:com.alibaba.nacos.common.remote.client.RpcClient$ConnectResetRequestHandler
15:19:26.313 [main] INFO  c.a.n.c.r.client - [printIfInfoEnabled,60] - [6ff7fab3-0f4c-47bf-94eb-5415147b6d61_config-0] Register server push request handler:com.alibaba.nacos.common.remote.client.RpcClient$$Lambda$342/1416977881
15:19:26.427 [main] INFO  c.r.s.RuoYiSystemApplication - [logStartupProfileInfo,639] - The following profiles are active: dev
15:19:29.990 [main] INFO  o.a.c.h.Http11NioProtocol - [log,173] - Initializing ProtocolHandler ["http-nio-9201"]
15:19:29.991 [main] INFO  o.a.c.c.StandardService - [log,173] - Starting service [Tomcat]
15:19:29.991 [main] INFO  o.a.c.c.StandardEngine - [log,173] - Starting Servlet engine: [Apache Tomcat/9.0.56]
15:19:30.169 [main] INFO  o.a.c.c.C.[.[.[/] - [log,173] - Initializing Spring embedded WebApplicationContext
15:19:31.533 [main] INFO  c.a.d.p.DruidDataSource - [init,972] - {dataSource-1,master} inited
15:19:31.534 [main] INFO  c.b.d.d.DynamicRoutingDataSource - [addDataSource,148] - dynamic-datasource - add a datasource named [master] success
15:19:31.534 [main] INFO  c.b.d.d.DynamicRoutingDataSource - [afterPropertiesSet,228] - dynamic-datasource initial loaded [1] datasource,primary datasource named [master]
15:19:34.652 [main] INFO  c.a.c.s.SentinelWebAutoConfiguration - [addInterceptors,80] - [Sentinel Starter] register SentinelWebInterceptor with urlPatterns: [/**].
15:19:36.275 [main] INFO  c.a.n.c.r.client - [lambda$createClient$0,80] - [RpcClientFactory] create a new rpc client of 1de5d482-3ea9-497f-90b0-d9ccc869dbfa
15:19:36.275 [main] INFO  c.a.n.c.r.client - [printIfInfoEnabled,60] - [1de5d482-3ea9-497f-90b0-d9ccc869dbfa] RpcClient init label, labels = {module=naming, source=sdk}
15:19:36.277 [main] INFO  c.a.n.c.r.client - [printIfInfoEnabled,60] - [1de5d482-3ea9-497f-90b0-d9ccc869dbfa] RpcClient init, ServerListFactory = com.alibaba.nacos.client.naming.core.ServerListManager
15:19:36.278 [main] INFO  c.a.n.c.r.client - [printIfInfoEnabled,60] - [1de5d482-3ea9-497f-90b0-d9ccc869dbfa] Registry connection listener to current client:com.alibaba.nacos.client.naming.remote.gprc.redo.NamingGrpcRedoService
15:19:36.278 [main] INFO  c.a.n.c.r.client - [printIfInfoEnabled,60] - [1de5d482-3ea9-497f-90b0-d9ccc869dbfa] Register server push request handler:com.alibaba.nacos.client.naming.remote.gprc.NamingPushRequestHandler
15:19:36.279 [main] INFO  c.a.n.c.r.client - [printIfInfoEnabled,60] - [1de5d482-3ea9-497f-90b0-d9ccc869dbfa] Try to connect to server on start up, server: {serverIp = '192.168.203.131', server main port = 8848}
15:19:36.391 [main] INFO  c.a.n.c.r.client - [printIfInfoEnabled,60] - [1de5d482-3ea9-497f-90b0-d9ccc869dbfa] Success to connect to server [192.168.203.131:8848] on start up, connectionId = 1658042379342_192.168.203.1_54363
15:19:36.391 [com.alibaba.nacos.client.remote.worker] INFO  c.a.n.c.r.client - [printIfInfoEnabled,60] - [1de5d482-3ea9-497f-90b0-d9ccc869dbfa] Notify connected event to listeners.
15:19:36.391 [main] INFO  c.a.n.c.r.client - [printIfInfoEnabled,60] - [1de5d482-3ea9-497f-90b0-d9ccc869dbfa] Register server push request handler:com.alibaba.nacos.common.remote.client.RpcClient$ConnectResetRequestHandler
15:19:36.391 [main] INFO  c.a.n.c.r.client - [printIfInfoEnabled,60] - [1de5d482-3ea9-497f-90b0-d9ccc869dbfa] Register server push request handler:com.alibaba.nacos.common.remote.client.RpcClient$$Lambda$342/1416977881
15:19:39.234 [main] INFO  o.a.c.h.Http11NioProtocol - [log,173] - Starting ProtocolHandler ["http-nio-9201"]
15:19:39.285 [main] INFO  c.a.c.n.r.NacosServiceRegistry - [register,75] - nacos registry, DEFAULT_GROUP ruoyi-system 192.168.31.1:9201 register finished
15:19:39.747 [nacos-grpc-client-executor-7] INFO  c.a.n.c.r.client - [printIfInfoEnabled,60] - [1de5d482-3ea9-497f-90b0-d9ccc869dbfa] Receive server push request, request = NotifySubscriberRequest, requestId = 40
15:19:39.750 [nacos-grpc-client-executor-7] INFO  c.a.n.c.r.client - [printIfInfoEnabled,60] - [1de5d482-3ea9-497f-90b0-d9ccc869dbfa] Ack server push request, request = NotifySubscriberRequest, requestId = 40
15:19:41.201 [main] INFO  c.r.s.RuoYiSystemApplication - [logStarted,61] - Started RuoYiSystemApplication in 21.586 seconds (JVM running for 23.75)
15:19:41.795 [RMI TCP Connection(9)-192.168.246.151] INFO  o.a.c.c.C.[.[.[/] - [log,173] - Initializing Spring DispatcherServlet 'dispatcherServlet'
16:49:42.901 [SpringApplicationShutdownHook] INFO  c.a.c.n.r.NacosServiceRegistry - [deregister,90] - De-registering from Nacos Server now...
16:49:42.911 [SpringApplicationShutdownHook] INFO  c.a.c.n.r.NacosServiceRegistry - [deregister,110] - De-registration finished.
16:49:43.231 [SpringApplicationShutdownHook] INFO  c.a.n.c.r.client - [shutdown,454] - Shutdown rpc client, set status to shutdown
16:49:43.232 [SpringApplicationShutdownHook] INFO  c.a.n.c.r.client - [shutdown,456] - Shutdown client event executor java.util.concurrent.ScheduledThreadPoolExecutor@765b7af8[Running, pool size = 2, active threads = 2, queued tasks = 0, completed tasks = 0]
16:49:43.232 [SpringApplicationShutdownHook] INFO  c.a.n.c.r.client - [closeConnection,591] - Close current connection 1658042379342_192.168.203.1_54363
16:49:43.247 [nacos-grpc-client-executor-1097] INFO  c.a.n.c.r.c.g.GrpcClient - [printIfInfoEnabled,60] - [1658042379342_192.168.203.1_54363]Ignore complete event,isRunning:false,isAbandon=false
16:49:43.258 [SpringApplicationShutdownHook] INFO  c.a.n.c.r.c.g.GrpcClient - [shutdown,85] - Shutdown grpc executor java.util.concurrent.ThreadPoolExecutor@56a7663f[Running, pool size = 6, active threads = 0, queued tasks = 0, completed tasks = 1098]
16:49:43.558 [SpringApplicationShutdownHook] INFO  c.b.d.d.DynamicRoutingDataSource - [destroy,205] - dynamic-datasource start closing ....
16:49:43.574 [SpringApplicationShutdownHook] INFO  c.a.d.p.DruidDataSource - [close,2051] - {dataSource-1} closing ...
16:49:43.602 [SpringApplicationShutdownHook] INFO  c.a.d.p.DruidDataSource - [close,2124] - {dataSource-1} closed
16:49:43.603 [SpringApplicationShutdownHook] INFO  c.b.d.d.DynamicRoutingDataSource - [destroy,209] - dynamic-datasource all closed success,bye
