15:07:55.116 [background-preinit] INFO  o.h.v.i.util.Version - [<clinit>,21] - HV000001: Hibernate Validator 6.2.0.Final
15:07:57.373 [main] INFO  c.a.n.c.r.client - [lambda$createClient$0,80] - [RpcClientFactory] create a new rpc client of 60dd363b-8042-4497-9fc3-faa56341850a_config-0
15:07:57.448 [main] INFO  o.r.Reflections - [scan,232] - Reflections took 51 ms to scan 1 urls, producing 3 keys and 6 values 
15:07:57.490 [main] INFO  o.r.Reflections - [scan,232] - Reflections took 20 ms to scan 1 urls, producing 4 keys and 9 values 
15:07:57.519 [main] INFO  o.r.Reflections - [scan,232] - Reflections took 25 ms to scan 1 urls, producing 3 keys and 10 values 
15:07:57.713 [main] INFO  o.r.Reflections - [scan,232] - Reflections took 189 ms to scan 209 urls, producing 0 keys and 0 values 
15:07:57.728 [main] INFO  o.r.Reflections - [scan,232] - Reflections took 13 ms to scan 1 urls, producing 1 keys and 5 values 
15:07:57.746 [main] INFO  o.r.Reflections - [scan,232] - Reflections took 15 ms to scan 1 urls, producing 1 keys and 7 values 
15:07:57.760 [main] INFO  o.r.Reflections - [scan,232] - Reflections took 12 ms to scan 1 urls, producing 2 keys and 8 values 
15:07:57.917 [main] INFO  o.r.Reflections - [scan,232] - Reflections took 155 ms to scan 209 urls, producing 0 keys and 0 values 
15:07:57.922 [main] INFO  c.a.n.c.r.client - [printIfInfoEnabled,60] - [60dd363b-8042-4497-9fc3-faa56341850a_config-0] RpcClient init label, labels = {module=config, Vipserver-Tag=null, source=sdk, Amory-Tag=null, Location-Tag=null, taskId=0, AppName=unknown}
15:07:57.923 [main] INFO  c.a.n.c.r.client - [printIfInfoEnabled,60] - [60dd363b-8042-4497-9fc3-faa56341850a_config-0] Register server push request handler:com.alibaba.nacos.client.config.impl.ClientWorker$ConfigRpcTransportClient$$Lambda$332/2055288499
15:07:57.924 [main] INFO  c.a.n.c.r.client - [printIfInfoEnabled,60] - [60dd363b-8042-4497-9fc3-faa56341850a_config-0] Register server push request handler:com.alibaba.nacos.client.config.impl.ClientWorker$ConfigRpcTransportClient$$Lambda$333/501650218
15:07:57.925 [main] INFO  c.a.n.c.r.client - [printIfInfoEnabled,60] - [60dd363b-8042-4497-9fc3-faa56341850a_config-0] Registry connection listener to current client:com.alibaba.nacos.client.config.impl.ClientWorker$ConfigRpcTransportClient$1
15:07:57.926 [main] INFO  c.a.n.c.r.client - [printIfInfoEnabled,60] - [60dd363b-8042-4497-9fc3-faa56341850a_config-0] RpcClient init, ServerListFactory = com.alibaba.nacos.client.config.impl.ClientWorker$ConfigRpcTransportClient$2
15:07:57.935 [main] INFO  c.a.n.c.r.client - [printIfInfoEnabled,60] - [60dd363b-8042-4497-9fc3-faa56341850a_config-0] Try to connect to server on start up, server: {serverIp = '192.168.203.131', server main port = 8848}
15:08:00.494 [main] INFO  c.a.n.c.r.client - [printIfInfoEnabled,60] - [60dd363b-8042-4497-9fc3-faa56341850a_config-0] Success to connect to server [192.168.203.131:8848] on start up, connectionId = 1658041683243_192.168.203.1_52255
15:08:00.495 [com.alibaba.nacos.client.remote.worker] INFO  c.a.n.c.r.client - [printIfInfoEnabled,60] - [60dd363b-8042-4497-9fc3-faa56341850a_config-0] Notify connected event to listeners.
15:08:00.495 [main] INFO  c.a.n.c.r.client - [printIfInfoEnabled,60] - [60dd363b-8042-4497-9fc3-faa56341850a_config-0] Register server push request handler:com.alibaba.nacos.common.remote.client.RpcClient$ConnectResetRequestHandler
15:08:00.496 [main] INFO  c.a.n.c.r.client - [printIfInfoEnabled,60] - [60dd363b-8042-4497-9fc3-faa56341850a_config-0] Register server push request handler:com.alibaba.nacos.common.remote.client.RpcClient$$Lambda$342/2074896491
15:08:00.954 [main] INFO  c.r.g.RuoYiGatewayApplication - [logStartupProfileInfo,639] - The following profiles are active: dev
15:08:08.935 [main] INFO  c.a.c.s.g.s.SentinelSCGAutoConfiguration - [sentinelGatewayFilter,144] - [Sentinel SpringCloudGateway] register SentinelGatewayFilter with order: -2147483648
15:08:09.271 [main] INFO  c.a.n.c.r.client - [lambda$createClient$0,80] - [RpcClientFactory] create a new rpc client of 93106731-0e48-4269-a1b4-006b00690193
15:08:09.272 [main] INFO  c.a.n.c.r.client - [printIfInfoEnabled,60] - [93106731-0e48-4269-a1b4-006b00690193] RpcClient init label, labels = {module=naming, source=sdk}
15:08:09.274 [main] INFO  c.a.n.c.r.client - [printIfInfoEnabled,60] - [93106731-0e48-4269-a1b4-006b00690193] RpcClient init, ServerListFactory = com.alibaba.nacos.client.naming.core.ServerListManager
15:08:09.275 [main] INFO  c.a.n.c.r.client - [printIfInfoEnabled,60] - [93106731-0e48-4269-a1b4-006b00690193] Registry connection listener to current client:com.alibaba.nacos.client.naming.remote.gprc.redo.NamingGrpcRedoService
15:08:09.276 [main] INFO  c.a.n.c.r.client - [printIfInfoEnabled,60] - [93106731-0e48-4269-a1b4-006b00690193] Register server push request handler:com.alibaba.nacos.client.naming.remote.gprc.NamingPushRequestHandler
15:08:09.276 [main] INFO  c.a.n.c.r.client - [printIfInfoEnabled,60] - [93106731-0e48-4269-a1b4-006b00690193] Try to connect to server on start up, server: {serverIp = '192.168.203.131', server main port = 8848}
15:08:09.391 [main] INFO  c.a.n.c.r.client - [printIfInfoEnabled,60] - [93106731-0e48-4269-a1b4-006b00690193] Success to connect to server [192.168.203.131:8848] on start up, connectionId = 1658041692341_192.168.203.1_52260
15:08:09.391 [com.alibaba.nacos.client.remote.worker] INFO  c.a.n.c.r.client - [printIfInfoEnabled,60] - [93106731-0e48-4269-a1b4-006b00690193] Notify connected event to listeners.
15:08:09.391 [main] INFO  c.a.n.c.r.client - [printIfInfoEnabled,60] - [93106731-0e48-4269-a1b4-006b00690193] Register server push request handler:com.alibaba.nacos.common.remote.client.RpcClient$ConnectResetRequestHandler
15:08:09.392 [main] INFO  c.a.n.c.r.client - [printIfInfoEnabled,60] - [93106731-0e48-4269-a1b4-006b00690193] Register server push request handler:com.alibaba.nacos.common.remote.client.RpcClient$$Lambda$342/2074896491
15:08:09.794 [main] INFO  c.a.c.s.g.s.SentinelSCGAutoConfiguration - [sentinelGatewayBlockExceptionHandler,134] - [Sentinel SpringCloudGateway] register SentinelGatewayBlockExceptionHandler
15:08:10.133 [main] INFO  c.a.n.c.r.client - [lambda$createClient$0,80] - [RpcClientFactory] create a new rpc client of 3ff14b1c-dabe-434a-8cb7-52b9cb2d0253_config-0
15:08:10.134 [main] INFO  c.a.n.c.r.client - [printIfInfoEnabled,60] - [3ff14b1c-dabe-434a-8cb7-52b9cb2d0253_config-0] RpcClient init label, labels = {module=config, Vipserver-Tag=null, source=sdk, Amory-Tag=null, Location-Tag=null, taskId=0, AppName=unknown}
15:08:10.134 [main] INFO  c.a.n.c.r.client - [printIfInfoEnabled,60] - [3ff14b1c-dabe-434a-8cb7-52b9cb2d0253_config-0] Register server push request handler:com.alibaba.nacos.client.config.impl.ClientWorker$ConfigRpcTransportClient$$Lambda$332/2055288499
15:08:10.134 [main] INFO  c.a.n.c.r.client - [printIfInfoEnabled,60] - [3ff14b1c-dabe-434a-8cb7-52b9cb2d0253_config-0] Register server push request handler:com.alibaba.nacos.client.config.impl.ClientWorker$ConfigRpcTransportClient$$Lambda$333/501650218
15:08:10.134 [main] INFO  c.a.n.c.r.client - [printIfInfoEnabled,60] - [3ff14b1c-dabe-434a-8cb7-52b9cb2d0253_config-0] Registry connection listener to current client:com.alibaba.nacos.client.config.impl.ClientWorker$ConfigRpcTransportClient$1
15:08:10.135 [main] INFO  c.a.n.c.r.client - [printIfInfoEnabled,60] - [3ff14b1c-dabe-434a-8cb7-52b9cb2d0253_config-0] RpcClient init, ServerListFactory = com.alibaba.nacos.client.config.impl.ClientWorker$ConfigRpcTransportClient$2
15:08:10.135 [main] INFO  c.a.n.c.r.client - [printIfInfoEnabled,60] - [3ff14b1c-dabe-434a-8cb7-52b9cb2d0253_config-0] Try to connect to server on start up, server: {serverIp = '192.168.203.131', server main port = 8848}
15:08:10.249 [main] INFO  c.a.n.c.r.client - [printIfInfoEnabled,60] - [3ff14b1c-dabe-434a-8cb7-52b9cb2d0253_config-0] Success to connect to server [192.168.203.131:8848] on start up, connectionId = 1658041693201_192.168.203.1_52261
15:08:10.249 [main] INFO  c.a.n.c.r.client - [printIfInfoEnabled,60] - [3ff14b1c-dabe-434a-8cb7-52b9cb2d0253_config-0] Register server push request handler:com.alibaba.nacos.common.remote.client.RpcClient$ConnectResetRequestHandler
15:08:10.249 [com.alibaba.nacos.client.remote.worker] INFO  c.a.n.c.r.client - [printIfInfoEnabled,60] - [3ff14b1c-dabe-434a-8cb7-52b9cb2d0253_config-0] Notify connected event to listeners.
15:08:10.249 [main] INFO  c.a.n.c.r.client - [printIfInfoEnabled,60] - [3ff14b1c-dabe-434a-8cb7-52b9cb2d0253_config-0] Register server push request handler:com.alibaba.nacos.common.remote.client.RpcClient$$Lambda$342/2074896491
15:08:10.961 [nacos-grpc-client-executor-10] INFO  c.a.n.c.r.client - [printIfInfoEnabled,60] - [93106731-0e48-4269-a1b4-006b00690193] Receive server push request, request = NotifySubscriberRequest, requestId = 1
15:08:10.962 [nacos-grpc-client-executor-10] INFO  c.a.n.c.r.client - [printIfInfoEnabled,60] - [93106731-0e48-4269-a1b4-006b00690193] Ack server push request, request = NotifySubscriberRequest, requestId = 1
15:08:13.818 [main] INFO  c.a.c.n.r.NacosServiceRegistry - [register,75] - nacos registry, DEFAULT_GROUP ruoyi-gateway 192.168.31.1:8080 register finished
15:08:13.849 [main] INFO  c.r.g.RuoYiGatewayApplication - [logStarted,61] - Started RuoYiGatewayApplication in 20.9 seconds (JVM running for 22.76)
15:08:13.893 [SpringApplicationShutdownHook] INFO  c.a.c.n.r.NacosServiceRegistry - [deregister,90] - De-registering from Nacos Server now...
15:08:13.909 [SpringApplicationShutdownHook] INFO  c.a.c.n.r.NacosServiceRegistry - [deregister,110] - De-registration finished.
15:08:14.402 [nacos-grpc-client-executor-22] INFO  c.a.n.c.r.client - [printIfInfoEnabled,60] - [93106731-0e48-4269-a1b4-006b00690193] Receive server push request, request = NotifySubscriberRequest, requestId = 2
15:08:14.403 [nacos-grpc-client-executor-22] INFO  c.a.n.c.r.client - [printIfInfoEnabled,60] - [93106731-0e48-4269-a1b4-006b00690193] Ack server push request, request = NotifySubscriberRequest, requestId = 2
15:08:14.518 [SpringApplicationShutdownHook] INFO  c.a.n.c.r.client - [shutdown,454] - Shutdown rpc client, set status to shutdown
15:08:14.518 [SpringApplicationShutdownHook] INFO  c.a.n.c.r.client - [shutdown,456] - Shutdown client event executor java.util.concurrent.ScheduledThreadPoolExecutor@2da4dd65[Running, pool size = 2, active threads = 2, queued tasks = 0, completed tasks = 0]
15:08:14.518 [SpringApplicationShutdownHook] INFO  c.a.n.c.r.client - [closeConnection,591] - Close current connection 1658041692341_192.168.203.1_52260
15:08:14.522 [nacos-grpc-client-executor-23] INFO  c.a.n.c.r.c.g.GrpcClient - [printIfInfoEnabled,60] - [1658041692341_192.168.203.1_52260]Ignore complete event,isRunning:false,isAbandon=false
15:08:14.524 [SpringApplicationShutdownHook] INFO  c.a.n.c.r.c.g.GrpcClient - [shutdown,85] - Shutdown grpc executor java.util.concurrent.ThreadPoolExecutor@2e131f5d[Running, pool size = 24, active threads = 0, queued tasks = 0, completed tasks = 24]
15:08:29.761 [background-preinit] INFO  o.h.v.i.util.Version - [<clinit>,21] - HV000001: Hibernate Validator 6.2.0.Final
15:08:31.877 [main] INFO  c.a.n.c.r.client - [lambda$createClient$0,80] - [RpcClientFactory] create a new rpc client of 91894d0b-032a-454e-97ad-3b095814eb94_config-0
15:08:31.938 [main] INFO  o.r.Reflections - [scan,232] - Reflections took 38 ms to scan 1 urls, producing 3 keys and 6 values 
15:08:31.970 [main] INFO  o.r.Reflections - [scan,232] - Reflections took 15 ms to scan 1 urls, producing 4 keys and 9 values 
15:08:31.988 [main] INFO  o.r.Reflections - [scan,232] - Reflections took 15 ms to scan 1 urls, producing 3 keys and 10 values 
15:08:32.181 [main] INFO  o.r.Reflections - [scan,232] - Reflections took 184 ms to scan 209 urls, producing 0 keys and 0 values 
15:08:32.200 [main] INFO  o.r.Reflections - [scan,232] - Reflections took 18 ms to scan 1 urls, producing 1 keys and 5 values 
15:08:32.215 [main] INFO  o.r.Reflections - [scan,232] - Reflections took 12 ms to scan 1 urls, producing 1 keys and 7 values 
15:08:32.228 [main] INFO  o.r.Reflections - [scan,232] - Reflections took 10 ms to scan 1 urls, producing 2 keys and 8 values 
15:08:32.384 [main] INFO  o.r.Reflections - [scan,232] - Reflections took 153 ms to scan 209 urls, producing 0 keys and 0 values 
15:08:32.390 [main] INFO  c.a.n.c.r.client - [printIfInfoEnabled,60] - [91894d0b-032a-454e-97ad-3b095814eb94_config-0] RpcClient init label, labels = {module=config, Vipserver-Tag=null, source=sdk, Amory-Tag=null, Location-Tag=null, taskId=0, AppName=unknown}
15:08:32.391 [main] INFO  c.a.n.c.r.client - [printIfInfoEnabled,60] - [91894d0b-032a-454e-97ad-3b095814eb94_config-0] Register server push request handler:com.alibaba.nacos.client.config.impl.ClientWorker$ConfigRpcTransportClient$$Lambda$332/1191863711
15:08:32.391 [main] INFO  c.a.n.c.r.client - [printIfInfoEnabled,60] - [91894d0b-032a-454e-97ad-3b095814eb94_config-0] Register server push request handler:com.alibaba.nacos.client.config.impl.ClientWorker$ConfigRpcTransportClient$$Lambda$333/1159234226
15:08:32.392 [main] INFO  c.a.n.c.r.client - [printIfInfoEnabled,60] - [91894d0b-032a-454e-97ad-3b095814eb94_config-0] Registry connection listener to current client:com.alibaba.nacos.client.config.impl.ClientWorker$ConfigRpcTransportClient$1
15:08:32.393 [main] INFO  c.a.n.c.r.client - [printIfInfoEnabled,60] - [91894d0b-032a-454e-97ad-3b095814eb94_config-0] RpcClient init, ServerListFactory = com.alibaba.nacos.client.config.impl.ClientWorker$ConfigRpcTransportClient$2
15:08:32.403 [main] INFO  c.a.n.c.r.client - [printIfInfoEnabled,60] - [91894d0b-032a-454e-97ad-3b095814eb94_config-0] Try to connect to server on start up, server: {serverIp = '192.168.203.131', server main port = 8848}
15:08:34.240 [main] INFO  c.a.n.c.r.client - [printIfInfoEnabled,60] - [91894d0b-032a-454e-97ad-3b095814eb94_config-0] Success to connect to server [192.168.203.131:8848] on start up, connectionId = 1658041717010_192.168.203.1_52350
15:08:34.241 [com.alibaba.nacos.client.remote.worker] INFO  c.a.n.c.r.client - [printIfInfoEnabled,60] - [91894d0b-032a-454e-97ad-3b095814eb94_config-0] Notify connected event to listeners.
15:08:34.241 [main] INFO  c.a.n.c.r.client - [printIfInfoEnabled,60] - [91894d0b-032a-454e-97ad-3b095814eb94_config-0] Register server push request handler:com.alibaba.nacos.common.remote.client.RpcClient$ConnectResetRequestHandler
15:08:34.242 [main] INFO  c.a.n.c.r.client - [printIfInfoEnabled,60] - [91894d0b-032a-454e-97ad-3b095814eb94_config-0] Register server push request handler:com.alibaba.nacos.common.remote.client.RpcClient$$Lambda$342/1208702946
15:08:34.338 [main] INFO  c.r.g.RuoYiGatewayApplication - [logStartupProfileInfo,639] - The following profiles are active: dev
15:08:42.325 [main] INFO  c.a.c.s.g.s.SentinelSCGAutoConfiguration - [sentinelGatewayFilter,144] - [Sentinel SpringCloudGateway] register SentinelGatewayFilter with order: -2147483648
15:08:42.817 [main] INFO  c.a.n.c.r.client - [lambda$createClient$0,80] - [RpcClientFactory] create a new rpc client of cef852c4-cc3b-4088-8f8f-ec291d8f497b
15:08:42.818 [main] INFO  c.a.n.c.r.client - [printIfInfoEnabled,60] - [cef852c4-cc3b-4088-8f8f-ec291d8f497b] RpcClient init label, labels = {module=naming, source=sdk}
15:08:42.821 [main] INFO  c.a.n.c.r.client - [printIfInfoEnabled,60] - [cef852c4-cc3b-4088-8f8f-ec291d8f497b] RpcClient init, ServerListFactory = com.alibaba.nacos.client.naming.core.ServerListManager
15:08:42.821 [main] INFO  c.a.n.c.r.client - [printIfInfoEnabled,60] - [cef852c4-cc3b-4088-8f8f-ec291d8f497b] Registry connection listener to current client:com.alibaba.nacos.client.naming.remote.gprc.redo.NamingGrpcRedoService
15:08:42.822 [main] INFO  c.a.n.c.r.client - [printIfInfoEnabled,60] - [cef852c4-cc3b-4088-8f8f-ec291d8f497b] Register server push request handler:com.alibaba.nacos.client.naming.remote.gprc.NamingPushRequestHandler
15:08:42.824 [main] INFO  c.a.n.c.r.client - [printIfInfoEnabled,60] - [cef852c4-cc3b-4088-8f8f-ec291d8f497b] Try to connect to server on start up, server: {serverIp = '192.168.203.131', server main port = 8848}
15:08:42.941 [main] INFO  c.a.n.c.r.client - [printIfInfoEnabled,60] - [cef852c4-cc3b-4088-8f8f-ec291d8f497b] Success to connect to server [192.168.203.131:8848] on start up, connectionId = 1658041725891_192.168.203.1_52359
15:08:42.941 [com.alibaba.nacos.client.remote.worker] INFO  c.a.n.c.r.client - [printIfInfoEnabled,60] - [cef852c4-cc3b-4088-8f8f-ec291d8f497b] Notify connected event to listeners.
15:08:42.941 [main] INFO  c.a.n.c.r.client - [printIfInfoEnabled,60] - [cef852c4-cc3b-4088-8f8f-ec291d8f497b] Register server push request handler:com.alibaba.nacos.common.remote.client.RpcClient$ConnectResetRequestHandler
15:08:42.942 [main] INFO  c.a.n.c.r.client - [printIfInfoEnabled,60] - [cef852c4-cc3b-4088-8f8f-ec291d8f497b] Register server push request handler:com.alibaba.nacos.common.remote.client.RpcClient$$Lambda$342/1208702946
15:08:43.196 [main] INFO  c.a.c.s.g.s.SentinelSCGAutoConfiguration - [sentinelGatewayBlockExceptionHandler,134] - [Sentinel SpringCloudGateway] register SentinelGatewayBlockExceptionHandler
15:08:43.534 [main] INFO  c.a.n.c.r.client - [lambda$createClient$0,80] - [RpcClientFactory] create a new rpc client of 6a242f19-bc03-48d1-8d70-d15cf6121bb2_config-0
15:08:43.534 [main] INFO  c.a.n.c.r.client - [printIfInfoEnabled,60] - [6a242f19-bc03-48d1-8d70-d15cf6121bb2_config-0] RpcClient init label, labels = {module=config, Vipserver-Tag=null, source=sdk, Amory-Tag=null, Location-Tag=null, taskId=0, AppName=unknown}
15:08:43.535 [main] INFO  c.a.n.c.r.client - [printIfInfoEnabled,60] - [6a242f19-bc03-48d1-8d70-d15cf6121bb2_config-0] Register server push request handler:com.alibaba.nacos.client.config.impl.ClientWorker$ConfigRpcTransportClient$$Lambda$332/1191863711
15:08:43.535 [main] INFO  c.a.n.c.r.client - [printIfInfoEnabled,60] - [6a242f19-bc03-48d1-8d70-d15cf6121bb2_config-0] Register server push request handler:com.alibaba.nacos.client.config.impl.ClientWorker$ConfigRpcTransportClient$$Lambda$333/1159234226
15:08:43.535 [main] INFO  c.a.n.c.r.client - [printIfInfoEnabled,60] - [6a242f19-bc03-48d1-8d70-d15cf6121bb2_config-0] Registry connection listener to current client:com.alibaba.nacos.client.config.impl.ClientWorker$ConfigRpcTransportClient$1
15:08:43.535 [main] INFO  c.a.n.c.r.client - [printIfInfoEnabled,60] - [6a242f19-bc03-48d1-8d70-d15cf6121bb2_config-0] RpcClient init, ServerListFactory = com.alibaba.nacos.client.config.impl.ClientWorker$ConfigRpcTransportClient$2
15:08:43.536 [main] INFO  c.a.n.c.r.client - [printIfInfoEnabled,60] - [6a242f19-bc03-48d1-8d70-d15cf6121bb2_config-0] Try to connect to server on start up, server: {serverIp = '192.168.203.131', server main port = 8848}
15:08:43.648 [main] INFO  c.a.n.c.r.client - [printIfInfoEnabled,60] - [6a242f19-bc03-48d1-8d70-d15cf6121bb2_config-0] Success to connect to server [192.168.203.131:8848] on start up, connectionId = 1658041726600_192.168.203.1_52360
15:08:43.648 [main] INFO  c.a.n.c.r.client - [printIfInfoEnabled,60] - [6a242f19-bc03-48d1-8d70-d15cf6121bb2_config-0] Register server push request handler:com.alibaba.nacos.common.remote.client.RpcClient$ConnectResetRequestHandler
15:08:43.648 [com.alibaba.nacos.client.remote.worker] INFO  c.a.n.c.r.client - [printIfInfoEnabled,60] - [6a242f19-bc03-48d1-8d70-d15cf6121bb2_config-0] Notify connected event to listeners.
15:08:43.648 [main] INFO  c.a.n.c.r.client - [printIfInfoEnabled,60] - [6a242f19-bc03-48d1-8d70-d15cf6121bb2_config-0] Register server push request handler:com.alibaba.nacos.common.remote.client.RpcClient$$Lambda$342/1208702946
15:08:44.383 [nacos-grpc-client-executor-11] INFO  c.a.n.c.r.client - [printIfInfoEnabled,60] - [cef852c4-cc3b-4088-8f8f-ec291d8f497b] Receive server push request, request = NotifySubscriberRequest, requestId = 3
15:08:44.384 [nacos-grpc-client-executor-11] INFO  c.a.n.c.r.client - [printIfInfoEnabled,60] - [cef852c4-cc3b-4088-8f8f-ec291d8f497b] Ack server push request, request = NotifySubscriberRequest, requestId = 3
15:08:47.269 [main] INFO  c.a.c.n.r.NacosServiceRegistry - [register,75] - nacos registry, DEFAULT_GROUP ruoyi-gateway 192.168.31.1:8080 register finished
15:08:47.309 [main] INFO  c.r.g.RuoYiGatewayApplication - [logStarted,61] - Started RuoYiGatewayApplication in 20.133 seconds (JVM running for 22.245)
15:08:47.851 [nacos-grpc-client-executor-24] INFO  c.a.n.c.r.client - [printIfInfoEnabled,60] - [cef852c4-cc3b-4088-8f8f-ec291d8f497b] Receive server push request, request = NotifySubscriberRequest, requestId = 4
15:08:47.857 [nacos-grpc-client-executor-24] INFO  c.a.n.c.r.client - [printIfInfoEnabled,60] - [cef852c4-cc3b-4088-8f8f-ec291d8f497b] Ack server push request, request = NotifySubscriberRequest, requestId = 4
15:10:10.269 [SpringApplicationShutdownHook] INFO  c.a.c.n.r.NacosServiceRegistry - [deregister,90] - De-registering from Nacos Server now...
15:10:10.284 [SpringApplicationShutdownHook] INFO  c.a.c.n.r.NacosServiceRegistry - [deregister,110] - De-registration finished.
15:10:10.591 [SpringApplicationShutdownHook] INFO  c.a.n.c.r.client - [shutdown,454] - Shutdown rpc client, set status to shutdown
15:10:10.592 [SpringApplicationShutdownHook] INFO  c.a.n.c.r.client - [shutdown,456] - Shutdown client event executor java.util.concurrent.ScheduledThreadPoolExecutor@15a2ee04[Running, pool size = 2, active threads = 2, queued tasks = 0, completed tasks = 0]
15:10:10.592 [SpringApplicationShutdownHook] INFO  c.a.n.c.r.client - [closeConnection,591] - Close current connection 1658041725891_192.168.203.1_52359
15:10:10.600 [nacos-grpc-client-executor-52] INFO  c.a.n.c.r.c.g.GrpcClient - [printIfInfoEnabled,60] - [1658041725891_192.168.203.1_52359]Ignore complete event,isRunning:false,isAbandon=false
15:10:10.607 [SpringApplicationShutdownHook] INFO  c.a.n.c.r.c.g.GrpcClient - [shutdown,85] - Shutdown grpc executor java.util.concurrent.ThreadPoolExecutor@79521fb8[Running, pool size = 5, active threads = 0, queued tasks = 0, completed tasks = 53]
15:10:40.149 [background-preinit] INFO  o.h.v.i.util.Version - [<clinit>,21] - HV000001: Hibernate Validator 6.2.0.Final
15:10:43.475 [main] INFO  c.a.n.c.r.client - [lambda$createClient$0,80] - [RpcClientFactory] create a new rpc client of dad48e88-81c1-4c34-90fc-b2bd3c16232d_config-0
15:10:43.597 [main] INFO  o.r.Reflections - [scan,232] - Reflections took 78 ms to scan 1 urls, producing 3 keys and 6 values 
15:10:43.665 [main] INFO  o.r.Reflections - [scan,232] - Reflections took 29 ms to scan 1 urls, producing 4 keys and 9 values 
15:10:43.705 [main] INFO  o.r.Reflections - [scan,232] - Reflections took 36 ms to scan 1 urls, producing 3 keys and 10 values 
15:10:44.147 [main] INFO  o.r.Reflections - [scan,232] - Reflections took 433 ms to scan 209 urls, producing 0 keys and 0 values 
15:10:44.192 [main] INFO  o.r.Reflections - [scan,232] - Reflections took 43 ms to scan 1 urls, producing 1 keys and 5 values 
15:10:44.235 [main] INFO  o.r.Reflections - [scan,232] - Reflections took 35 ms to scan 1 urls, producing 1 keys and 7 values 
15:10:44.268 [main] INFO  o.r.Reflections - [scan,232] - Reflections took 26 ms to scan 1 urls, producing 2 keys and 8 values 
15:10:44.628 [main] INFO  o.r.Reflections - [scan,232] - Reflections took 352 ms to scan 209 urls, producing 0 keys and 0 values 
15:10:44.635 [main] INFO  c.a.n.c.r.client - [printIfInfoEnabled,60] - [dad48e88-81c1-4c34-90fc-b2bd3c16232d_config-0] RpcClient init label, labels = {module=config, Vipserver-Tag=null, source=sdk, Amory-Tag=null, Location-Tag=null, taskId=0, AppName=unknown}
15:10:44.637 [main] INFO  c.a.n.c.r.client - [printIfInfoEnabled,60] - [dad48e88-81c1-4c34-90fc-b2bd3c16232d_config-0] Register server push request handler:com.alibaba.nacos.client.config.impl.ClientWorker$ConfigRpcTransportClient$$Lambda$332/404152906
15:10:44.638 [main] INFO  c.a.n.c.r.client - [printIfInfoEnabled,60] - [dad48e88-81c1-4c34-90fc-b2bd3c16232d_config-0] Register server push request handler:com.alibaba.nacos.client.config.impl.ClientWorker$ConfigRpcTransportClient$$Lambda$333/1765865093
15:10:44.639 [main] INFO  c.a.n.c.r.client - [printIfInfoEnabled,60] - [dad48e88-81c1-4c34-90fc-b2bd3c16232d_config-0] Registry connection listener to current client:com.alibaba.nacos.client.config.impl.ClientWorker$ConfigRpcTransportClient$1
15:10:44.641 [main] INFO  c.a.n.c.r.client - [printIfInfoEnabled,60] - [dad48e88-81c1-4c34-90fc-b2bd3c16232d_config-0] RpcClient init, ServerListFactory = com.alibaba.nacos.client.config.impl.ClientWorker$ConfigRpcTransportClient$2
15:10:44.658 [main] INFO  c.a.n.c.r.client - [printIfInfoEnabled,60] - [dad48e88-81c1-4c34-90fc-b2bd3c16232d_config-0] Try to connect to server on start up, server: {serverIp = '192.168.203.131', server main port = 8848}
15:10:49.859 [main] INFO  c.a.n.c.r.client - [printIfInfoEnabled,60] - [dad48e88-81c1-4c34-90fc-b2bd3c16232d_config-0] Success to connect to server [192.168.203.131:8848] on start up, connectionId = 1658041852379_192.168.203.1_52642
15:10:49.860 [com.alibaba.nacos.client.remote.worker] INFO  c.a.n.c.r.client - [printIfInfoEnabled,60] - [dad48e88-81c1-4c34-90fc-b2bd3c16232d_config-0] Notify connected event to listeners.
15:10:49.861 [main] INFO  c.a.n.c.r.client - [printIfInfoEnabled,60] - [dad48e88-81c1-4c34-90fc-b2bd3c16232d_config-0] Register server push request handler:com.alibaba.nacos.common.remote.client.RpcClient$ConnectResetRequestHandler
15:10:49.864 [main] INFO  c.a.n.c.r.client - [printIfInfoEnabled,60] - [dad48e88-81c1-4c34-90fc-b2bd3c16232d_config-0] Register server push request handler:com.alibaba.nacos.common.remote.client.RpcClient$$Lambda$342/1849610076
15:10:50.069 [main] INFO  c.r.g.RuoYiGatewayApplication - [logStartupProfileInfo,639] - The following profiles are active: dev
15:11:05.754 [main] INFO  c.a.c.s.g.s.SentinelSCGAutoConfiguration - [sentinelGatewayFilter,144] - [Sentinel SpringCloudGateway] register SentinelGatewayFilter with order: -2147483648
15:11:06.569 [main] INFO  c.a.n.c.r.client - [lambda$createClient$0,80] - [RpcClientFactory] create a new rpc client of e456e832-39ee-4d42-ba0b-799b1b7239a4
15:11:06.570 [main] INFO  c.a.n.c.r.client - [printIfInfoEnabled,60] - [e456e832-39ee-4d42-ba0b-799b1b7239a4] RpcClient init label, labels = {module=naming, source=sdk}
15:11:06.575 [main] INFO  c.a.n.c.r.client - [printIfInfoEnabled,60] - [e456e832-39ee-4d42-ba0b-799b1b7239a4] RpcClient init, ServerListFactory = com.alibaba.nacos.client.naming.core.ServerListManager
15:11:06.576 [main] INFO  c.a.n.c.r.client - [printIfInfoEnabled,60] - [e456e832-39ee-4d42-ba0b-799b1b7239a4] Registry connection listener to current client:com.alibaba.nacos.client.naming.remote.gprc.redo.NamingGrpcRedoService
15:11:06.577 [main] INFO  c.a.n.c.r.client - [printIfInfoEnabled,60] - [e456e832-39ee-4d42-ba0b-799b1b7239a4] Register server push request handler:com.alibaba.nacos.client.naming.remote.gprc.NamingPushRequestHandler
15:11:06.579 [main] INFO  c.a.n.c.r.client - [printIfInfoEnabled,60] - [e456e832-39ee-4d42-ba0b-799b1b7239a4] Try to connect to server on start up, server: {serverIp = '192.168.203.131', server main port = 8848}
15:11:06.734 [main] INFO  c.a.n.c.r.client - [printIfInfoEnabled,60] - [e456e832-39ee-4d42-ba0b-799b1b7239a4] Success to connect to server [192.168.203.131:8848] on start up, connectionId = 1658041869662_192.168.203.1_52712
15:11:06.737 [com.alibaba.nacos.client.remote.worker] INFO  c.a.n.c.r.client - [printIfInfoEnabled,60] - [e456e832-39ee-4d42-ba0b-799b1b7239a4] Notify connected event to listeners.
15:11:06.737 [main] INFO  c.a.n.c.r.client - [printIfInfoEnabled,60] - [e456e832-39ee-4d42-ba0b-799b1b7239a4] Register server push request handler:com.alibaba.nacos.common.remote.client.RpcClient$ConnectResetRequestHandler
15:11:06.740 [main] INFO  c.a.n.c.r.client - [printIfInfoEnabled,60] - [e456e832-39ee-4d42-ba0b-799b1b7239a4] Register server push request handler:com.alibaba.nacos.common.remote.client.RpcClient$$Lambda$342/1849610076
15:11:07.636 [main] INFO  c.a.c.s.g.s.SentinelSCGAutoConfiguration - [sentinelGatewayBlockExceptionHandler,134] - [Sentinel SpringCloudGateway] register SentinelGatewayBlockExceptionHandler
15:11:08.545 [main] INFO  c.a.n.c.r.client - [lambda$createClient$0,80] - [RpcClientFactory] create a new rpc client of a16d91ba-3d62-4d1e-957b-13da5e679f20_config-0
15:11:08.545 [main] INFO  c.a.n.c.r.client - [printIfInfoEnabled,60] - [a16d91ba-3d62-4d1e-957b-13da5e679f20_config-0] RpcClient init label, labels = {module=config, Vipserver-Tag=null, source=sdk, Amory-Tag=null, Location-Tag=null, taskId=0, AppName=unknown}
15:11:08.546 [main] INFO  c.a.n.c.r.client - [printIfInfoEnabled,60] - [a16d91ba-3d62-4d1e-957b-13da5e679f20_config-0] Register server push request handler:com.alibaba.nacos.client.config.impl.ClientWorker$ConfigRpcTransportClient$$Lambda$332/404152906
15:11:08.546 [main] INFO  c.a.n.c.r.client - [printIfInfoEnabled,60] - [a16d91ba-3d62-4d1e-957b-13da5e679f20_config-0] Register server push request handler:com.alibaba.nacos.client.config.impl.ClientWorker$ConfigRpcTransportClient$$Lambda$333/1765865093
15:11:08.546 [main] INFO  c.a.n.c.r.client - [printIfInfoEnabled,60] - [a16d91ba-3d62-4d1e-957b-13da5e679f20_config-0] Registry connection listener to current client:com.alibaba.nacos.client.config.impl.ClientWorker$ConfigRpcTransportClient$1
15:11:08.547 [main] INFO  c.a.n.c.r.client - [printIfInfoEnabled,60] - [a16d91ba-3d62-4d1e-957b-13da5e679f20_config-0] RpcClient init, ServerListFactory = com.alibaba.nacos.client.config.impl.ClientWorker$ConfigRpcTransportClient$2
15:11:08.548 [main] INFO  c.a.n.c.r.client - [printIfInfoEnabled,60] - [a16d91ba-3d62-4d1e-957b-13da5e679f20_config-0] Try to connect to server on start up, server: {serverIp = '192.168.203.131', server main port = 8848}
15:11:08.683 [main] INFO  c.a.n.c.r.client - [printIfInfoEnabled,60] - [a16d91ba-3d62-4d1e-957b-13da5e679f20_config-0] Success to connect to server [192.168.203.131:8848] on start up, connectionId = 1658041871625_192.168.203.1_52713
15:11:08.684 [com.alibaba.nacos.client.remote.worker] INFO  c.a.n.c.r.client - [printIfInfoEnabled,60] - [a16d91ba-3d62-4d1e-957b-13da5e679f20_config-0] Notify connected event to listeners.
15:11:08.684 [main] INFO  c.a.n.c.r.client - [printIfInfoEnabled,60] - [a16d91ba-3d62-4d1e-957b-13da5e679f20_config-0] Register server push request handler:com.alibaba.nacos.common.remote.client.RpcClient$ConnectResetRequestHandler
15:11:08.684 [main] INFO  c.a.n.c.r.client - [printIfInfoEnabled,60] - [a16d91ba-3d62-4d1e-957b-13da5e679f20_config-0] Register server push request handler:com.alibaba.nacos.common.remote.client.RpcClient$$Lambda$342/1849610076
15:11:09.582 [nacos-grpc-client-executor-9] INFO  c.a.n.c.r.client - [printIfInfoEnabled,60] - [e456e832-39ee-4d42-ba0b-799b1b7239a4] Receive server push request, request = NotifySubscriberRequest, requestId = 5
15:11:09.582 [nacos-grpc-client-executor-9] INFO  c.a.n.c.r.client - [printIfInfoEnabled,60] - [e456e832-39ee-4d42-ba0b-799b1b7239a4] Ack server push request, request = NotifySubscriberRequest, requestId = 5
15:11:14.207 [main] INFO  c.a.c.n.r.NacosServiceRegistry - [register,75] - nacos registry, DEFAULT_GROUP ruoyi-gateway 192.168.31.1:8080 register finished
15:11:14.275 [main] INFO  c.r.g.RuoYiGatewayApplication - [logStarted,61] - Started RuoYiGatewayApplication in 37.304 seconds (JVM running for 39.736)
15:11:14.807 [nacos-grpc-client-executor-19] INFO  c.a.n.c.r.client - [printIfInfoEnabled,60] - [e456e832-39ee-4d42-ba0b-799b1b7239a4] Receive server push request, request = NotifySubscriberRequest, requestId = 6
15:11:14.818 [nacos-grpc-client-executor-19] INFO  c.a.n.c.r.client - [printIfInfoEnabled,60] - [e456e832-39ee-4d42-ba0b-799b1b7239a4] Ack server push request, request = NotifySubscriberRequest, requestId = 6
15:15:09.873 [nacos-grpc-client-executor-97] INFO  c.a.n.c.r.client - [printIfInfoEnabled,60] - [e456e832-39ee-4d42-ba0b-799b1b7239a4] Receive server push request, request = NotifySubscriberRequest, requestId = 10
15:15:09.874 [nacos-grpc-client-executor-97] INFO  c.a.n.c.r.client - [printIfInfoEnabled,60] - [e456e832-39ee-4d42-ba0b-799b1b7239a4] Ack server push request, request = NotifySubscriberRequest, requestId = 10
15:15:09.882 [nacos-grpc-client-executor-98] INFO  c.a.n.c.r.client - [printIfInfoEnabled,60] - [e456e832-39ee-4d42-ba0b-799b1b7239a4] Receive server push request, request = NotifySubscriberRequest, requestId = 9
15:15:09.884 [nacos-grpc-client-executor-98] INFO  c.a.n.c.r.client - [printIfInfoEnabled,60] - [e456e832-39ee-4d42-ba0b-799b1b7239a4] Ack server push request, request = NotifySubscriberRequest, requestId = 9
15:15:39.838 [nacos-grpc-client-executor-118] INFO  c.a.n.c.r.client - [printIfInfoEnabled,60] - [e456e832-39ee-4d42-ba0b-799b1b7239a4] Receive server push request, request = NotifySubscriberRequest, requestId = 18
15:15:39.838 [nacos-grpc-client-executor-118] INFO  c.a.n.c.r.client - [printIfInfoEnabled,60] - [e456e832-39ee-4d42-ba0b-799b1b7239a4] Ack server push request, request = NotifySubscriberRequest, requestId = 18
15:15:39.840 [nacos-grpc-client-executor-119] INFO  c.a.n.c.r.client - [printIfInfoEnabled,60] - [e456e832-39ee-4d42-ba0b-799b1b7239a4] Receive server push request, request = NotifySubscriberRequest, requestId = 19
15:15:39.840 [nacos-grpc-client-executor-119] INFO  c.a.n.c.r.client - [printIfInfoEnabled,60] - [e456e832-39ee-4d42-ba0b-799b1b7239a4] Ack server push request, request = NotifySubscriberRequest, requestId = 19
15:17:58.770 [SpringApplicationShutdownHook] INFO  c.a.c.n.r.NacosServiceRegistry - [deregister,90] - De-registering from Nacos Server now...
15:17:58.776 [SpringApplicationShutdownHook] INFO  c.a.c.n.r.NacosServiceRegistry - [deregister,110] - De-registration finished.
15:18:38.479 [background-preinit] INFO  o.h.v.i.util.Version - [<clinit>,21] - HV000001: Hibernate Validator 6.2.0.Final
15:18:41.315 [main] INFO  c.a.n.c.r.client - [lambda$createClient$0,80] - [RpcClientFactory] create a new rpc client of 85af1d49-365a-4e28-b2d2-38e3f1ebbd2e_config-0
15:18:41.438 [main] INFO  o.r.Reflections - [scan,232] - Reflections took 73 ms to scan 1 urls, producing 3 keys and 6 values 
15:18:41.505 [main] INFO  o.r.Reflections - [scan,232] - Reflections took 32 ms to scan 1 urls, producing 4 keys and 9 values 
15:18:41.537 [main] INFO  o.r.Reflections - [scan,232] - Reflections took 28 ms to scan 1 urls, producing 3 keys and 10 values 
15:18:41.936 [main] INFO  o.r.Reflections - [scan,232] - Reflections took 393 ms to scan 209 urls, producing 0 keys and 0 values 
15:18:41.967 [main] INFO  o.r.Reflections - [scan,232] - Reflections took 27 ms to scan 1 urls, producing 1 keys and 5 values 
15:18:42.011 [main] INFO  o.r.Reflections - [scan,232] - Reflections took 40 ms to scan 1 urls, producing 1 keys and 7 values 
15:18:42.068 [main] INFO  o.r.Reflections - [scan,232] - Reflections took 48 ms to scan 1 urls, producing 2 keys and 8 values 
15:18:42.482 [main] INFO  o.r.Reflections - [scan,232] - Reflections took 404 ms to scan 209 urls, producing 0 keys and 0 values 
15:18:42.485 [main] INFO  c.a.n.c.r.client - [printIfInfoEnabled,60] - [85af1d49-365a-4e28-b2d2-38e3f1ebbd2e_config-0] RpcClient init label, labels = {module=config, Vipserver-Tag=null, source=sdk, Amory-Tag=null, Location-Tag=null, taskId=0, AppName=unknown}
15:18:42.487 [main] INFO  c.a.n.c.r.client - [printIfInfoEnabled,60] - [85af1d49-365a-4e28-b2d2-38e3f1ebbd2e_config-0] Register server push request handler:com.alibaba.nacos.client.config.impl.ClientWorker$ConfigRpcTransportClient$$Lambda$332/920497855
15:18:42.488 [main] INFO  c.a.n.c.r.client - [printIfInfoEnabled,60] - [85af1d49-365a-4e28-b2d2-38e3f1ebbd2e_config-0] Register server push request handler:com.alibaba.nacos.client.config.impl.ClientWorker$ConfigRpcTransportClient$$Lambda$333/557593923
15:18:42.493 [main] INFO  c.a.n.c.r.client - [printIfInfoEnabled,60] - [85af1d49-365a-4e28-b2d2-38e3f1ebbd2e_config-0] Registry connection listener to current client:com.alibaba.nacos.client.config.impl.ClientWorker$ConfigRpcTransportClient$1
15:18:42.495 [main] INFO  c.a.n.c.r.client - [printIfInfoEnabled,60] - [85af1d49-365a-4e28-b2d2-38e3f1ebbd2e_config-0] RpcClient init, ServerListFactory = com.alibaba.nacos.client.config.impl.ClientWorker$ConfigRpcTransportClient$2
15:18:42.514 [main] INFO  c.a.n.c.r.client - [printIfInfoEnabled,60] - [85af1d49-365a-4e28-b2d2-38e3f1ebbd2e_config-0] Try to connect to server on start up, server: {serverIp = '192.168.203.131', server main port = 8848}
15:18:46.560 [main] INFO  c.a.n.c.r.client - [printIfInfoEnabled,60] - [85af1d49-365a-4e28-b2d2-38e3f1ebbd2e_config-0] Success to connect to server [192.168.203.131:8848] on start up, connectionId = 1658042329216_192.168.203.1_53916
15:18:46.561 [com.alibaba.nacos.client.remote.worker] INFO  c.a.n.c.r.client - [printIfInfoEnabled,60] - [85af1d49-365a-4e28-b2d2-38e3f1ebbd2e_config-0] Notify connected event to listeners.
15:18:46.562 [main] INFO  c.a.n.c.r.client - [printIfInfoEnabled,60] - [85af1d49-365a-4e28-b2d2-38e3f1ebbd2e_config-0] Register server push request handler:com.alibaba.nacos.common.remote.client.RpcClient$ConnectResetRequestHandler
15:18:46.563 [main] INFO  c.a.n.c.r.client - [printIfInfoEnabled,60] - [85af1d49-365a-4e28-b2d2-38e3f1ebbd2e_config-0] Register server push request handler:com.alibaba.nacos.common.remote.client.RpcClient$$Lambda$342/886333120
15:18:46.707 [main] INFO  c.r.g.RuoYiGatewayApplication - [logStartupProfileInfo,639] - The following profiles are active: dev
15:18:59.442 [main] INFO  c.a.c.s.g.s.SentinelSCGAutoConfiguration - [sentinelGatewayFilter,144] - [Sentinel SpringCloudGateway] register SentinelGatewayFilter with order: -2147483648
15:19:00.099 [main] INFO  c.a.n.c.r.client - [lambda$createClient$0,80] - [RpcClientFactory] create a new rpc client of 7890fafb-9081-441a-8fdf-235563621065
15:19:00.100 [main] INFO  c.a.n.c.r.client - [printIfInfoEnabled,60] - [7890fafb-9081-441a-8fdf-235563621065] RpcClient init label, labels = {module=naming, source=sdk}
15:19:00.104 [main] INFO  c.a.n.c.r.client - [printIfInfoEnabled,60] - [7890fafb-9081-441a-8fdf-235563621065] RpcClient init, ServerListFactory = com.alibaba.nacos.client.naming.core.ServerListManager
15:19:00.105 [main] INFO  c.a.n.c.r.client - [printIfInfoEnabled,60] - [7890fafb-9081-441a-8fdf-235563621065] Registry connection listener to current client:com.alibaba.nacos.client.naming.remote.gprc.redo.NamingGrpcRedoService
15:19:00.106 [main] INFO  c.a.n.c.r.client - [printIfInfoEnabled,60] - [7890fafb-9081-441a-8fdf-235563621065] Register server push request handler:com.alibaba.nacos.client.naming.remote.gprc.NamingPushRequestHandler
15:19:00.107 [main] INFO  c.a.n.c.r.client - [printIfInfoEnabled,60] - [7890fafb-9081-441a-8fdf-235563621065] Try to connect to server on start up, server: {serverIp = '192.168.203.131', server main port = 8848}
15:19:00.242 [main] INFO  c.a.n.c.r.client - [printIfInfoEnabled,60] - [7890fafb-9081-441a-8fdf-235563621065] Success to connect to server [192.168.203.131:8848] on start up, connectionId = 1658042343180_192.168.203.1_53979
15:19:00.244 [com.alibaba.nacos.client.remote.worker] INFO  c.a.n.c.r.client - [printIfInfoEnabled,60] - [7890fafb-9081-441a-8fdf-235563621065] Notify connected event to listeners.
15:19:00.244 [main] INFO  c.a.n.c.r.client - [printIfInfoEnabled,60] - [7890fafb-9081-441a-8fdf-235563621065] Register server push request handler:com.alibaba.nacos.common.remote.client.RpcClient$ConnectResetRequestHandler
15:19:00.248 [main] INFO  c.a.n.c.r.client - [printIfInfoEnabled,60] - [7890fafb-9081-441a-8fdf-235563621065] Register server push request handler:com.alibaba.nacos.common.remote.client.RpcClient$$Lambda$342/886333120
15:19:01.061 [main] INFO  c.a.c.s.g.s.SentinelSCGAutoConfiguration - [sentinelGatewayBlockExceptionHandler,134] - [Sentinel SpringCloudGateway] register SentinelGatewayBlockExceptionHandler
15:19:01.832 [main] INFO  c.a.n.c.r.client - [lambda$createClient$0,80] - [RpcClientFactory] create a new rpc client of 0c0de932-0bb1-4e04-bd8a-5dbfe211a3eb_config-0
15:19:01.833 [main] INFO  c.a.n.c.r.client - [printIfInfoEnabled,60] - [0c0de932-0bb1-4e04-bd8a-5dbfe211a3eb_config-0] RpcClient init label, labels = {module=config, Vipserver-Tag=null, source=sdk, Amory-Tag=null, Location-Tag=null, taskId=0, AppName=unknown}
15:19:01.833 [main] INFO  c.a.n.c.r.client - [printIfInfoEnabled,60] - [0c0de932-0bb1-4e04-bd8a-5dbfe211a3eb_config-0] Register server push request handler:com.alibaba.nacos.client.config.impl.ClientWorker$ConfigRpcTransportClient$$Lambda$332/920497855
15:19:01.833 [main] INFO  c.a.n.c.r.client - [printIfInfoEnabled,60] - [0c0de932-0bb1-4e04-bd8a-5dbfe211a3eb_config-0] Register server push request handler:com.alibaba.nacos.client.config.impl.ClientWorker$ConfigRpcTransportClient$$Lambda$333/557593923
15:19:01.834 [main] INFO  c.a.n.c.r.client - [printIfInfoEnabled,60] - [0c0de932-0bb1-4e04-bd8a-5dbfe211a3eb_config-0] Registry connection listener to current client:com.alibaba.nacos.client.config.impl.ClientWorker$ConfigRpcTransportClient$1
15:19:01.834 [main] INFO  c.a.n.c.r.client - [printIfInfoEnabled,60] - [0c0de932-0bb1-4e04-bd8a-5dbfe211a3eb_config-0] RpcClient init, ServerListFactory = com.alibaba.nacos.client.config.impl.ClientWorker$ConfigRpcTransportClient$2
15:19:01.835 [main] INFO  c.a.n.c.r.client - [printIfInfoEnabled,60] - [0c0de932-0bb1-4e04-bd8a-5dbfe211a3eb_config-0] Try to connect to server on start up, server: {serverIp = '192.168.203.131', server main port = 8848}
15:19:01.959 [main] INFO  c.a.n.c.r.client - [printIfInfoEnabled,60] - [0c0de932-0bb1-4e04-bd8a-5dbfe211a3eb_config-0] Success to connect to server [192.168.203.131:8848] on start up, connectionId = 1658042344906_192.168.203.1_53981
15:19:01.959 [com.alibaba.nacos.client.remote.worker] INFO  c.a.n.c.r.client - [printIfInfoEnabled,60] - [0c0de932-0bb1-4e04-bd8a-5dbfe211a3eb_config-0] Notify connected event to listeners.
15:19:01.959 [main] INFO  c.a.n.c.r.client - [printIfInfoEnabled,60] - [0c0de932-0bb1-4e04-bd8a-5dbfe211a3eb_config-0] Register server push request handler:com.alibaba.nacos.common.remote.client.RpcClient$ConnectResetRequestHandler
15:19:01.960 [main] INFO  c.a.n.c.r.client - [printIfInfoEnabled,60] - [0c0de932-0bb1-4e04-bd8a-5dbfe211a3eb_config-0] Register server push request handler:com.alibaba.nacos.common.remote.client.RpcClient$$Lambda$342/886333120
15:19:02.788 [nacos-grpc-client-executor-18] INFO  c.a.n.c.r.client - [printIfInfoEnabled,60] - [7890fafb-9081-441a-8fdf-235563621065] Receive server push request, request = NotifySubscriberRequest, requestId = 22
15:19:02.789 [nacos-grpc-client-executor-18] INFO  c.a.n.c.r.client - [printIfInfoEnabled,60] - [7890fafb-9081-441a-8fdf-235563621065] Ack server push request, request = NotifySubscriberRequest, requestId = 22
15:19:02.967 [nacos-grpc-client-executor-19] INFO  c.a.n.c.r.client - [printIfInfoEnabled,60] - [7890fafb-9081-441a-8fdf-235563621065] Receive server push request, request = NotifySubscriberRequest, requestId = 23
15:19:02.967 [nacos-grpc-client-executor-19] INFO  c.a.n.c.r.client - [printIfInfoEnabled,60] - [7890fafb-9081-441a-8fdf-235563621065] Ack server push request, request = NotifySubscriberRequest, requestId = 23
15:19:02.970 [nacos-grpc-client-executor-20] INFO  c.a.n.c.r.client - [printIfInfoEnabled,60] - [7890fafb-9081-441a-8fdf-235563621065] Receive server push request, request = NotifySubscriberRequest, requestId = 24
15:19:02.970 [nacos-grpc-client-executor-20] INFO  c.a.n.c.r.client - [printIfInfoEnabled,60] - [7890fafb-9081-441a-8fdf-235563621065] Ack server push request, request = NotifySubscriberRequest, requestId = 24
15:19:02.973 [nacos-grpc-client-executor-21] INFO  c.a.n.c.r.client - [printIfInfoEnabled,60] - [7890fafb-9081-441a-8fdf-235563621065] Receive server push request, request = NotifySubscriberRequest, requestId = 26
15:19:02.974 [nacos-grpc-client-executor-21] INFO  c.a.n.c.r.client - [printIfInfoEnabled,60] - [7890fafb-9081-441a-8fdf-235563621065] Ack server push request, request = NotifySubscriberRequest, requestId = 26
15:19:02.979 [nacos-grpc-client-executor-22] INFO  c.a.n.c.r.client - [printIfInfoEnabled,60] - [7890fafb-9081-441a-8fdf-235563621065] Receive server push request, request = NotifySubscriberRequest, requestId = 25
15:19:02.982 [nacos-grpc-client-executor-22] INFO  c.a.n.c.r.client - [printIfInfoEnabled,60] - [7890fafb-9081-441a-8fdf-235563621065] Ack server push request, request = NotifySubscriberRequest, requestId = 25
15:19:07.263 [main] INFO  c.a.c.n.r.NacosServiceRegistry - [register,75] - nacos registry, DEFAULT_GROUP ruoyi-gateway 192.168.31.1:8080 register finished
15:19:07.327 [main] INFO  c.r.g.RuoYiGatewayApplication - [logStarted,61] - Started RuoYiGatewayApplication in 31.51 seconds (JVM running for 33.893)
15:19:07.786 [nacos-grpc-client-executor-41] INFO  c.a.n.c.r.client - [printIfInfoEnabled,60] - [7890fafb-9081-441a-8fdf-235563621065] Receive server push request, request = NotifySubscriberRequest, requestId = 27
15:19:07.792 [nacos-grpc-client-executor-41] INFO  c.a.n.c.r.client - [printIfInfoEnabled,60] - [7890fafb-9081-441a-8fdf-235563621065] Ack server push request, request = NotifySubscriberRequest, requestId = 27
15:19:14.173 [nacos-grpc-client-executor-46] INFO  c.a.n.c.r.client - [printIfInfoEnabled,60] - [7890fafb-9081-441a-8fdf-235563621065] Receive server push request, request = NotifySubscriberRequest, requestId = 29
15:19:14.176 [nacos-grpc-client-executor-46] INFO  c.a.n.c.r.client - [printIfInfoEnabled,60] - [7890fafb-9081-441a-8fdf-235563621065] Ack server push request, request = NotifySubscriberRequest, requestId = 29
15:19:29.845 [nacos-grpc-client-executor-50] INFO  c.a.n.c.r.client - [printIfInfoEnabled,60] - [7890fafb-9081-441a-8fdf-235563621065] Receive server push request, request = NotifySubscriberRequest, requestId = 37
15:19:29.850 [nacos-grpc-client-executor-50] INFO  c.a.n.c.r.client - [printIfInfoEnabled,60] - [7890fafb-9081-441a-8fdf-235563621065] Ack server push request, request = NotifySubscriberRequest, requestId = 37
15:19:33.116 [nacos-grpc-client-executor-58] INFO  c.a.n.c.r.client - [printIfInfoEnabled,60] - [7890fafb-9081-441a-8fdf-235563621065] Receive server push request, request = NotifySubscriberRequest, requestId = 39
15:19:33.117 [nacos-grpc-client-executor-58] INFO  c.a.n.c.r.client - [printIfInfoEnabled,60] - [7890fafb-9081-441a-8fdf-235563621065] Ack server push request, request = NotifySubscriberRequest, requestId = 39
15:20:03.141 [nacos-grpc-client-executor-71] INFO  c.a.n.c.r.client - [printIfInfoEnabled,60] - [7890fafb-9081-441a-8fdf-235563621065] Receive server push request, request = NotifySubscriberRequest, requestId = 42
15:20:03.141 [nacos-grpc-client-executor-71] INFO  c.a.n.c.r.client - [printIfInfoEnabled,60] - [7890fafb-9081-441a-8fdf-235563621065] Ack server push request, request = NotifySubscriberRequest, requestId = 42
16:49:41.816 [SpringApplicationShutdownHook] INFO  c.a.c.n.r.NacosServiceRegistry - [deregister,90] - De-registering from Nacos Server now...
16:49:41.828 [SpringApplicationShutdownHook] INFO  c.a.c.n.r.NacosServiceRegistry - [deregister,110] - De-registration finished.
16:49:42.143 [SpringApplicationShutdownHook] INFO  c.a.n.c.r.client - [shutdown,454] - Shutdown rpc client, set status to shutdown
16:49:42.144 [SpringApplicationShutdownHook] INFO  c.a.n.c.r.client - [shutdown,456] - Shutdown client event executor java.util.concurrent.ScheduledThreadPoolExecutor@25d0b59c[Running, pool size = 2, active threads = 2, queued tasks = 0, completed tasks = 0]
16:49:42.145 [SpringApplicationShutdownHook] INFO  c.a.n.c.r.client - [closeConnection,591] - Close current connection 1658042343180_192.168.203.1_53979
16:49:42.156 [nacos-grpc-client-executor-2001] INFO  c.a.n.c.r.c.g.GrpcClient - [printIfInfoEnabled,60] - [1658042343180_192.168.203.1_53979]Ignore complete event,isRunning:false,isAbandon=false
16:49:42.181 [SpringApplicationShutdownHook] INFO  c.a.n.c.r.c.g.GrpcClient - [shutdown,85] - Shutdown grpc executor java.util.concurrent.ThreadPoolExecutor@40b2243a[Running, pool size = 8, active threads = 0, queued tasks = 0, completed tasks = 2002]
